Log file open, 03/22/21 19:21:37
LogInit: Display: Running engine for game: GameEngineFinal
LogPlatformFile: Not using cached read wrapper
LogTaskGraph: Started task graph with 5 named threads and 47 total threads with 3 sets of task threads.
LogStats: Stats thread started at 0.134406
LogD3D11RHI: Loaded GFSDK_Aftermath_Lib.x64.dll
LogICUInternationalization: ICU TimeZone Detection - Raw Offset: -5:00, Platform Override: ''
LogPluginManager: Mounting plugin Paper2D
LogPluginManager: Mounting plugin AISupport
LogPluginManager: Mounting plugin LightPropagationVolume
LogPluginManager: Mounting plugin CameraShakePreviewer
LogPluginManager: Mounting plugin ActorLayerUtilities
LogPluginManager: Mounting plugin AnimationSharing
LogPluginManager: Mounting plugin CLionSourceCodeAccess
LogPluginManager: Mounting plugin CodeLiteSourceCodeAccess
LogPluginManager: Mounting plugin GitSourceControl
LogPluginManager: Mounting plugin KDevelopSourceCodeAccess
LogPluginManager: Mounting plugin NullSourceCodeAccess
LogPluginManager: Mounting plugin PerforceSourceControl
LogPluginManager: Mounting plugin PlasticSourceControl
LogPluginManager: Mounting plugin RiderSourceCodeAccess
LogPluginManager: Mounting plugin SubversionSourceControl
LogPluginManager: Mounting plugin UObjectPlugin
LogPluginManager: Mounting plugin VisualStudioCodeSourceCodeAccess
LogPluginManager: Mounting plugin VisualStudioSourceCodeAccess
LogPluginManager: Mounting plugin XCodeSourceCodeAccess
LogPluginManager: Mounting plugin AssetManagerEditor
LogPluginManager: Mounting plugin CryptoKeys
LogPluginManager: Mounting plugin CurveEditorTools
LogPluginManager: Mounting plugin DataValidation
LogPluginManager: Mounting plugin EditorScriptingUtilities
LogPluginManager: Mounting plugin FacialAnimation
LogPluginManager: Mounting plugin GameplayTagsEditor
LogPluginManager: Mounting plugin GeometryMode
LogPluginManager: Mounting plugin MacGraphicsSwitching
LogPluginManager: Mounting plugin MaterialAnalyzer
LogPluginManager: Mounting plugin MobileLauncherProfileWizard
LogPluginManager: Mounting plugin PluginBrowser
LogPluginManager: Mounting plugin SpeedTreeImporter
LogPluginManager: Mounting plugin DatasmithContent
LogPluginManager: Mounting plugin VariantManagerContent
LogPluginManager: Mounting plugin AlembicImporter
LogPluginManager: Mounting plugin AutomationUtils
LogPluginManager: Mounting plugin BackChannel
LogPluginManager: Mounting plugin ChaosCloth
LogPluginManager: Mounting plugin ChaosClothEditor
LogPluginManager: Mounting plugin ChaosEditor
LogPluginManager: Mounting plugin ChaosNiagara
LogPluginManager: Mounting plugin ChaosSolverPlugin
LogPluginManager: Mounting plugin CharacterAI
LogPluginManager: Mounting plugin GeometryCache
LogPluginManager: Mounting plugin GeometryCollectionPlugin
LogPluginManager: Mounting plugin GeometryProcessing
LogPluginManager: Mounting plugin PlanarCut
LogPluginManager: Mounting plugin PlatformCrypto
LogPluginManager: Mounting plugin ProxyLODPlugin
LogPluginManager: Mounting plugin SkeletalReduction
LogPluginManager: Mounting plugin Niagara
LogPluginManager: Mounting plugin MagicLeap
LogPluginManager: Mounting plugin MagicLeapLightEstimation
LogPluginManager: Mounting plugin MagicLeapMedia
LogPluginManager: Mounting plugin MagicLeapPassableWorld
LogPluginManager: Mounting plugin MLSDK
LogPluginManager: Mounting plugin AndroidMedia
LogPluginManager: Mounting plugin AvfMedia
LogPluginManager: Mounting plugin ImgMedia
LogPluginManager: Mounting plugin MediaCompositing
LogPluginManager: Mounting plugin MediaPlayerEditor
LogPluginManager: Mounting plugin WebMMedia
LogPluginManager: Mounting plugin WmfMedia
LogPluginManager: Mounting plugin MeshPainting
LogPluginManager: Mounting plugin TcpMessaging
LogPluginManager: Mounting plugin UdpMessaging
LogPluginManager: Mounting plugin ActorSequence
LogPluginManager: Mounting plugin LevelSequenceEditor
LogPluginManager: Mounting plugin MatineeToLevelSequence
LogPluginManager: Mounting plugin MovieRenderPipeline
LogPluginManager: Mounting plugin TemplateSequence
LogPluginManager: Mounting plugin NetcodeUnitTest
LogPluginManager: Mounting plugin NUTUnrealEngine4
LogPluginManager: Mounting plugin OnlineSubsystemGooglePlay
LogPluginManager: Mounting plugin OnlineSubsystemIOS
LogPluginManager: Mounting plugin OnlineSubsystem
LogPluginManager: Mounting plugin OnlineSubsystemNull
LogPluginManager: Mounting plugin OnlineSubsystemUtils
LogPluginManager: Mounting plugin LauncherChunkInstaller
LogPluginManager: Mounting plugin AndroidDeviceProfileSelector
LogPluginManager: Mounting plugin AndroidMoviePlayer
LogPluginManager: Mounting plugin AndroidPermission
LogPluginManager: Mounting plugin AppleImageUtils
LogPluginManager: Mounting plugin AppleMoviePlayer
LogPluginManager: Mounting plugin ArchVisCharacter
LogPluginManager: Mounting plugin AssetTags
LogPluginManager: Mounting plugin AudioCapture
LogPluginManager: Mounting plugin CableComponent
LogPluginManager: Mounting plugin CustomMeshComponent
LogPluginManager: Mounting plugin EditableMesh
LogPluginManager: Mounting plugin ExampleDeviceProfileSelector
LogPluginManager: Mounting plugin GoogleCloudMessaging
LogPluginManager: Mounting plugin GooglePAD
LogPluginManager: Mounting plugin IOSDeviceProfileSelector
LogPluginManager: Mounting plugin LinuxDeviceProfileSelector
LogPluginManager: Mounting plugin LocationServicesBPLibrary
LogPluginManager: Mounting plugin MobilePatchingUtils
LogPluginManager: Mounting plugin OculusVR
LogPluginManager: Mounting plugin PhysXVehicles
LogPluginManager: Mounting plugin PostSplashScreen
LogPluginManager: Mounting plugin ProceduralMeshComponent
LogPluginManager: Mounting plugin RuntimePhysXCooking
LogPluginManager: Mounting plugin SignificanceManager
LogPluginManager: Mounting plugin SoundFields
LogPluginManager: Mounting plugin SteamVR
LogPluginManager: Mounting plugin Synthesis
LogPluginManager: Mounting plugin WebMMoviePlayer
LogPluginManager: Mounting plugin WindowsMoviePlayer
LogPluginManager: Mounting plugin ScreenshotTools
LogInit: Using libcurl 7.55.1-DEV
LogInit:  - built for x86_64-pc-win32
LogInit:  - supports SSL with OpenSSL/1.1.1
LogInit:  - supports HTTP deflate (compression) using libz 1.2.8
LogInit:  - other features:
LogInit:      CURL_VERSION_SSL
LogInit:      CURL_VERSION_LIBZ
LogInit:      CURL_VERSION_IPV6
LogInit:      CURL_VERSION_ASYNCHDNS
LogInit:      CURL_VERSION_LARGEFILE
LogInit:      CURL_VERSION_IDN
LogInit:  CurlRequestOptions (configurable via config and command line):
LogInit:  - bVerifyPeer = true  - Libcurl will verify peer certificate
LogInit:  - bUseHttpProxy = false  - Libcurl will NOT use HTTP proxy
LogInit:  - bDontReuseConnections = false  - Libcurl will reuse connections
LogInit:  - MaxHostConnections = 16  - Libcurl will limit the number of connections to a host
LogInit:  - LocalHostAddr = Default
LogInit:  - BufferSize = 65536
LogOnline: OSS: Creating online subsystem instance for: NULL
LogInit: WinSock: version 1.1 (2.2), MaxSocks=32767, MaxUdp=65467
LogOnline: OSS: TryLoadSubsystemAndSetDefault: Loaded subsystem for module [NULL]
LogInit: Build: ++UE4+Release-4.25-CL-14469661
LogInit: Engine Version: 4.25.4-14469661+++UE4+Release-4.25
LogInit: Compatible Engine Version: 4.25.0-13144385+++UE4+Release-4.25
LogInit: Net CL: 13144385
LogInit: OS: Windows 10 (Release 2004) (), CPU: Intel(R) Core(TM) i7-10700K CPU @ 3.80GHz, GPU: NVIDIA GeForce RTX 2070 SUPER
LogInit: Compiled (64-bit): Oct 11 2020 08:10:49
LogInit: Compiled with Visual C++: 19.24.28315.00
LogInit: Build Configuration: Development
LogInit: Branch Name: ++UE4+Release-4.25
LogInit: Command Line: 
LogInit: Base Directory: D:/Unreal Engine/UE_4.25/Engine/Binaries/Win64/
LogInit: Allocator: TBB
LogInit: Installed Engine Build: 1
LogDevObjectVersion: Number of dev versions registered: 26
LogDevObjectVersion:   Dev-Blueprints (B0D832E4-1F89-4F0D-ACCF-7EB736FD4AA2): 10
LogDevObjectVersion:   Dev-Build (E1C64328-A22C-4D53-A36C-8E866417BD8C): 0
LogDevObjectVersion:   Dev-Core (375EC13C-06E4-48FB-B500-84F0262A717E): 4
LogDevObjectVersion:   Dev-Editor (E4B068ED-F494-42E9-A231-DA0B2E46BB41): 38
LogDevObjectVersion:   Dev-Framework (CFFC743F-43B0-4480-9391-14DF171D2073): 37
LogDevObjectVersion:   Dev-Mobile (B02B49B5-BB20-44E9-A304-32B752E40360): 2
LogDevObjectVersion:   Dev-Networking (A4E4105C-59A1-49B5-A7C5-40C4547EDFEE): 0
LogDevObjectVersion:   Dev-Online (39C831C9-5AE6-47DC-9A44-9C173E1C8E7C): 0
LogDevObjectVersion:   Dev-Physics (78F01B33-EBEA-4F98-B9B4-84EACCB95AA2): 4
LogDevObjectVersion:   Dev-Platform (6631380F-2D4D-43E0-8009-CF276956A95A): 0
LogDevObjectVersion:   Dev-Rendering (12F88B9F-8875-4AFC-A67C-D90C383ABD29): 43
LogDevObjectVersion:   Dev-Sequencer (7B5AE74C-D270-4C10-A958-57980B212A5A): 12
LogDevObjectVersion:   Dev-VR (D7296918-1DD6-4BDD-9DE2-64A83CC13884): 3
LogDevObjectVersion:   Dev-LoadTimes (C2A15278-BFE7-4AFE-6C17-90FF531DF755): 1
LogDevObjectVersion:   Private-Geometry (6EACA3D4-40EC-4CC1-B786-8BED09428FC5): 3
LogDevObjectVersion:   Dev-AnimPhys (29E575DD-E0A3-4627-9D10-D276232CDCEA): 17
LogDevObjectVersion:   Dev-Anim (AF43A65D-7FD3-4947-9873-3E8ED9C1BB05): 7
LogDevObjectVersion:   Dev-ReflectionCapture (6B266CEC-1EC7-4B8F-A30B-E4D90942FC07): 1
LogDevObjectVersion:   Dev-Automation (0DF73D61-A23F-47EA-B727-89E90C41499A): 1
LogDevObjectVersion:   FortniteMain (601D1886-AC64-4F84-AA16-D3DE0DEAC7D6): 31
LogDevObjectVersion:   Dev-Enterprise (9DFFBCD6-494F-0158-E221-12823C92A888): 10
LogDevObjectVersion:   Dev-Niagara (F2AED0AC-9AFE-416F-8664-AA7FFA26D6FC): 1
LogDevObjectVersion:   Dev-Destruction (174F1F0B-B4C6-45A5-B13F-2EE8D0FB917D): 10
LogDevObjectVersion:   Dev-Physics-Ext (35F94A83-E258-406C-A318-09F59610247C): 37
LogDevObjectVersion:   Dev-PhysicsMaterial-Chaos (B68FC16E-8B1B-42E2-B453-215C058844FE): 1
LogDevObjectVersion:   Dev-CineCamera (B2E18506-4273-CFC2-A54E-F4BB758BBA07): 1
LogInit: Presizing for max 25165824 objects, including 0 objects not considered by GC, pre-allocating 0 bytes for permanent pool.
LogConfig: Applying CVar settings from Section [/Script/Engine.StreamingSettings] File [D:/UR Projects/GameEngineFinal/Saved/Config/Windows/Engine.ini]
LogConfig: Setting CVar [[s.MinBulkDataSizeForAsyncLoading:131072]]
LogConfig: Setting CVar [[s.AsyncLoadingThreadEnabled:0]]
LogConfig: Setting CVar [[s.EventDrivenLoaderEnabled:1]]
LogConfig: Setting CVar [[s.WarnIfTimeLimitExceeded:0]]
LogConfig: Setting CVar [[s.TimeLimitExceededMultiplier:1.5]]
LogConfig: Setting CVar [[s.TimeLimitExceededMinTime:0.005]]
LogConfig: Setting CVar [[s.UseBackgroundLevelStreaming:1]]
LogConfig: Setting CVar [[s.PriorityAsyncLoadingExtraTime:15.0]]
LogConfig: Setting CVar [[s.LevelStreamingActorsUpdateTimeLimit:5.0]]
LogConfig: Setting CVar [[s.PriorityLevelStreamingActorsUpdateExtraTime:5.0]]
LogConfig: Setting CVar [[s.LevelStreamingComponentsRegistrationGranularity:10]]
LogConfig: Setting CVar [[s.UnregisterComponentsTimeLimit:1.0]]
LogConfig: Setting CVar [[s.LevelStreamingComponentsUnregistrationGranularity:5]]
LogConfig: Setting CVar [[s.FlushStreamingOnExit:1]]
LogInit: Object subsystem initialized
LogConfig: Setting CVar [[con.DebugEarlyDefault:1]]
LogConfig: Setting CVar [[r.setres:1280x720]]
[2021.03.22-23.21.37:769][  0]LogConfig: Setting CVar [[r.VSync:0]]
[2021.03.22-23.21.37:769][  0]LogConfig: Setting CVar [[r.RHICmdBypass:0]]
[2021.03.22-23.21.37:769][  0]LogConfig: Applying CVar settings from Section [/Script/Engine.RendererSettings] File [D:/UR Projects/GameEngineFinal/Saved/Config/Windows/Engine.ini]
[2021.03.22-23.21.37:769][  0]LogConfig: Setting CVar [[r.GPUCrashDebugging:0]]
[2021.03.22-23.21.37:769][  0]LogConfig: Applying CVar settings from Section [/Script/Engine.RendererOverrideSettings] File [D:/UR Projects/GameEngineFinal/Saved/Config/Windows/Engine.ini]
[2021.03.22-23.21.37:769][  0]LogConfig: Applying CVar settings from Section [/Script/Engine.StreamingSettings] File [D:/UR Projects/GameEngineFinal/Saved/Config/Windows/Engine.ini]
[2021.03.22-23.21.37:769][  0]LogConfig: Setting CVar [[s.MinBulkDataSizeForAsyncLoading:131072]]
[2021.03.22-23.21.37:769][  0]LogConfig: Setting CVar [[s.AsyncLoadingThreadEnabled:0]]
[2021.03.22-23.21.37:769][  0]LogConfig: Setting CVar [[s.EventDrivenLoaderEnabled:1]]
[2021.03.22-23.21.37:769][  0]LogConfig: Setting CVar [[s.WarnIfTimeLimitExceeded:0]]
[2021.03.22-23.21.37:769][  0]LogConfig: Setting CVar [[s.TimeLimitExceededMultiplier:1.5]]
[2021.03.22-23.21.37:769][  0]LogConfig: Setting CVar [[s.TimeLimitExceededMinTime:0.005]]
[2021.03.22-23.21.37:769][  0]LogConfig: Setting CVar [[s.UseBackgroundLevelStreaming:1]]
[2021.03.22-23.21.37:769][  0]LogConfig: Setting CVar [[s.PriorityAsyncLoadingExtraTime:15.0]]
[2021.03.22-23.21.37:769][  0]LogConfig: Setting CVar [[s.LevelStreamingActorsUpdateTimeLimit:5.0]]
[2021.03.22-23.21.37:769][  0]LogConfig: Setting CVar [[s.PriorityLevelStreamingActorsUpdateExtraTime:5.0]]
[2021.03.22-23.21.37:769][  0]LogConfig: Setting CVar [[s.LevelStreamingComponentsRegistrationGranularity:10]]
[2021.03.22-23.21.37:769][  0]LogConfig: Setting CVar [[s.UnregisterComponentsTimeLimit:1.0]]
[2021.03.22-23.21.37:769][  0]LogConfig: Setting CVar [[s.LevelStreamingComponentsUnregistrationGranularity:5]]
[2021.03.22-23.21.37:769][  0]LogConfig: Setting CVar [[s.FlushStreamingOnExit:1]]
[2021.03.22-23.21.37:769][  0]LogConfig: Applying CVar settings from Section [/Script/Engine.GarbageCollectionSettings] File [D:/UR Projects/GameEngineFinal/Saved/Config/Windows/Engine.ini]
[2021.03.22-23.21.37:769][  0]LogConfig: Setting CVar [[gc.MaxObjectsNotConsideredByGC:1]]
[2021.03.22-23.21.37:769][  0]LogConfig: Setting CVar [[gc.SizeOfPermanentObjectPool:0]]
[2021.03.22-23.21.37:769][  0]LogConfig: Setting CVar [[gc.FlushStreamingOnGC:0]]
[2021.03.22-23.21.37:769][  0]LogConfig: Setting CVar [[gc.NumRetriesBeforeForcingGC:10]]
[2021.03.22-23.21.37:769][  0]LogConfig: Setting CVar [[gc.AllowParallelGC:1]]
[2021.03.22-23.21.37:769][  0]LogConfig: Setting CVar [[gc.TimeBetweenPurgingPendingKillObjects:61.1]]
[2021.03.22-23.21.37:769][  0]LogConfig: Setting CVar [[gc.MaxObjectsInEditor:25165824]]
[2021.03.22-23.21.37:769][  0]LogConfig: Setting CVar [[gc.IncrementalBeginDestroyEnabled:1]]
[2021.03.22-23.21.37:769][  0]LogConfig: Setting CVar [[gc.CreateGCClusters:1]]
[2021.03.22-23.21.37:769][  0]LogConfig: Setting CVar [[gc.MinGCClusterSize:5]]
[2021.03.22-23.21.37:769][  0]LogConfig: Setting CVar [[gc.ActorClusteringEnabled:0]]
[2021.03.22-23.21.37:769][  0]LogConfig: Setting CVar [[gc.BlueprintClusteringEnabled:0]]
[2021.03.22-23.21.37:769][  0]LogConfig: Setting CVar [[gc.UseDisregardForGCOnDedicatedServers:0]]
[2021.03.22-23.21.37:769][  0]LogConfig: Applying CVar settings from Section [/Script/Engine.NetworkSettings] File [D:/UR Projects/GameEngineFinal/Saved/Config/Windows/Engine.ini]
[2021.03.22-23.21.37:769][  0]LogConfig: Applying CVar settings from Section [/Script/UnrealEd.CookerSettings] File [D:/UR Projects/GameEngineFinal/Saved/Config/Windows/Engine.ini]
[2021.03.22-23.21.37:772][  0]LogConfig: Applying CVar settings from Section [ViewDistanceQuality@3] File [D:/UR Projects/GameEngineFinal/Saved/Config/Windows/Scalability.ini]
[2021.03.22-23.21.37:772][  0]LogConfig: Setting CVar [[r.SkeletalMeshLODBias:0]]
[2021.03.22-23.21.37:772][  0]LogConfig: Setting CVar [[r.ViewDistanceScale:1.0]]
[2021.03.22-23.21.37:772][  0]LogConfig: Applying CVar settings from Section [AntiAliasingQuality@3] File [D:/UR Projects/GameEngineFinal/Saved/Config/Windows/Scalability.ini]
[2021.03.22-23.21.37:772][  0]LogConfig: Setting CVar [[r.PostProcessAAQuality:4]]
[2021.03.22-23.21.37:772][  0]LogConfig: Applying CVar settings from Section [ShadowQuality@3] File [D:/UR Projects/GameEngineFinal/Saved/Config/Windows/Scalability.ini]
[2021.03.22-23.21.37:772][  0]LogConfig: Setting CVar [[r.LightFunctionQuality:1]]
[2021.03.22-23.21.37:772][  0]LogConfig: Setting CVar [[r.ShadowQuality:5]]
[2021.03.22-23.21.37:772][  0]LogConfig: Setting CVar [[r.Shadow.CSM.MaxCascades:10]]
[2021.03.22-23.21.37:772][  0]LogConfig: Setting CVar [[r.Shadow.MaxResolution:2048]]
[2021.03.22-23.21.37:772][  0]LogConfig: Setting CVar [[r.Shadow.MaxCSMResolution:2048]]
[2021.03.22-23.21.37:772][  0]LogConfig: Setting CVar [[r.Shadow.RadiusThreshold:0.01]]
[2021.03.22-23.21.37:772][  0]LogConfig: Setting CVar [[r.Shadow.DistanceScale:1.0]]
[2021.03.22-23.21.37:772][  0]LogConfig: Setting CVar [[r.Shadow.CSM.TransitionScale:1.0]]
[2021.03.22-23.21.37:772][  0]LogConfig: Setting CVar [[r.Shadow.PreShadowResolutionFactor:1.0]]
[2021.03.22-23.21.37:772][  0]LogConfig: Setting CVar [[r.DistanceFieldShadowing:1]]
[2021.03.22-23.21.37:772][  0]LogConfig: Setting CVar [[r.DistanceFieldAO:1]]
[2021.03.22-23.21.37:772][  0]LogConfig: Setting CVar [[r.AOQuality:2]]
[2021.03.22-23.21.37:772][  0]LogConfig: Setting CVar [[r.VolumetricFog:1]]
[2021.03.22-23.21.37:772][  0]LogConfig: Setting CVar [[r.VolumetricFog.GridPixelSize:8]]
[2021.03.22-23.21.37:772][  0]LogConfig: Setting CVar [[r.VolumetricFog.GridSizeZ:128]]
[2021.03.22-23.21.37:772][  0]LogConfig: Setting CVar [[r.VolumetricFog.HistoryMissSupersampleCount:4]]
[2021.03.22-23.21.37:772][  0]LogConfig: Setting CVar [[r.LightMaxDrawDistanceScale:1]]
[2021.03.22-23.21.37:772][  0]LogConfig: Setting CVar [[r.CapsuleShadows:1]]
[2021.03.22-23.21.37:772][  0]LogConfig: Applying CVar settings from Section [PostProcessQuality@3] File [D:/UR Projects/GameEngineFinal/Saved/Config/Windows/Scalability.ini]
[2021.03.22-23.21.37:772][  0]LogConfig: Setting CVar [[r.MotionBlurQuality:4]]
[2021.03.22-23.21.37:772][  0]LogConfig: Setting CVar [[r.AmbientOcclusionMipLevelFactor:0.4]]
[2021.03.22-23.21.37:772][  0]LogConfig: Setting CVar [[r.AmbientOcclusionMaxQuality:100]]
[2021.03.22-23.21.37:772][  0]LogConfig: Setting CVar [[r.AmbientOcclusionLevels:-1]]
[2021.03.22-23.21.37:772][  0]LogConfig: Setting CVar [[r.AmbientOcclusionRadiusScale:1.0]]
[2021.03.22-23.21.37:772][  0]LogConfig: Setting CVar [[r.DepthOfFieldQuality:2]]
[2021.03.22-23.21.37:772][  0]LogConfig: Setting CVar [[r.RenderTargetPoolMin:400]]
[2021.03.22-23.21.37:772][  0]LogConfig: Setting CVar [[r.LensFlareQuality:2]]
[2021.03.22-23.21.37:772][  0]LogConfig: Setting CVar [[r.SceneColorFringeQuality:1]]
[2021.03.22-23.21.37:772][  0]LogConfig: Setting CVar [[r.EyeAdaptationQuality:2]]
[2021.03.22-23.21.37:772][  0]LogConfig: Setting CVar [[r.BloomQuality:5]]
[2021.03.22-23.21.37:772][  0]LogConfig: Setting CVar [[r.FastBlurThreshold:100]]
[2021.03.22-23.21.37:772][  0]LogConfig: Setting CVar [[r.Upscale.Quality:3]]
[2021.03.22-23.21.37:772][  0]LogConfig: Setting CVar [[r.Tonemapper.GrainQuantization:1]]
[2021.03.22-23.21.37:772][  0]LogConfig: Setting CVar [[r.LightShaftQuality:1]]
[2021.03.22-23.21.37:772][  0]LogConfig: Setting CVar [[r.Filter.SizeScale:1]]
[2021.03.22-23.21.37:772][  0]LogConfig: Setting CVar [[r.Tonemapper.Quality:5]]
[2021.03.22-23.21.37:772][  0]LogConfig: Setting CVar [[r.DOF.Gather.AccumulatorQuality:1        ; higher gathering accumulator quality]]
[2021.03.22-23.21.37:772][  0]LogConfig: Setting CVar [[r.DOF.Gather.PostfilterMethod:1          ; Median3x3 postfilering method]]
[2021.03.22-23.21.37:772][  0]LogConfig: Setting CVar [[r.DOF.Gather.EnableBokehSettings:0       ; no bokeh simulation when gathering]]
[2021.03.22-23.21.37:772][  0]LogConfig: Setting CVar [[r.DOF.Gather.RingCount:4                 ; medium number of samples when gathering]]
[2021.03.22-23.21.37:772][  0]LogConfig: Setting CVar [[r.DOF.Scatter.ForegroundCompositing:1    ; additive foreground scattering]]
[2021.03.22-23.21.37:772][  0]LogConfig: Setting CVar [[r.DOF.Scatter.BackgroundCompositing:2    ; additive background scattering]]
[2021.03.22-23.21.37:772][  0]LogConfig: Setting CVar [[r.DOF.Scatter.EnableBokehSettings:1      ; bokeh simulation when scattering]]
[2021.03.22-23.21.37:772][  0]LogConfig: Setting CVar [[r.DOF.Scatter.MaxSpriteRatio:0.1         ; only a maximum of 10% of scattered bokeh]]
[2021.03.22-23.21.37:772][  0]LogConfig: Setting CVar [[r.DOF.Recombine.Quality:1                ; cheap slight out of focus]]
[2021.03.22-23.21.37:772][  0]LogConfig: Setting CVar [[r.DOF.Recombine.EnableBokehSettings:0    ; no bokeh simulation on slight out of focus]]
[2021.03.22-23.21.37:772][  0]LogConfig: Setting CVar [[r.DOF.TemporalAAQuality:1                ; more stable temporal accumulation]]
[2021.03.22-23.21.37:772][  0]LogConfig: Setting CVar [[r.DOF.Kernel.MaxForegroundRadius:0.025]]
[2021.03.22-23.21.37:772][  0]LogConfig: Setting CVar [[r.DOF.Kernel.MaxBackgroundRadius:0.025]]
[2021.03.22-23.21.37:772][  0]LogConfig: Applying CVar settings from Section [TextureQuality@3] File [D:/UR Projects/GameEngineFinal/Saved/Config/Windows/Scalability.ini]
[2021.03.22-23.21.37:772][  0]LogConfig: Setting CVar [[r.Streaming.MipBias:0]]
[2021.03.22-23.21.37:772][  0]LogConfig: Setting CVar [[r.Streaming.AmortizeCPUToGPUCopy:0]]
[2021.03.22-23.21.37:773][  0]LogConfig: Setting CVar [[r.Streaming.MaxNumTexturesToStreamPerFrame:0]]
[2021.03.22-23.21.37:773][  0]LogConfig: Setting CVar [[r.Streaming.Boost:1]]
[2021.03.22-23.21.37:773][  0]LogConfig: Setting CVar [[r.MaxAnisotropy:8]]
[2021.03.22-23.21.37:773][  0]LogConfig: Setting CVar [[r.VT.MaxAnisotropy:8]]
[2021.03.22-23.21.37:773][  0]LogConfig: Setting CVar [[r.Streaming.LimitPoolSizeToVRAM:0]]
[2021.03.22-23.21.37:773][  0]LogConfig: Setting CVar [[r.Streaming.PoolSize:1000]]
[2021.03.22-23.21.37:773][  0]LogConfig: Setting CVar [[r.Streaming.MaxEffectiveScreenSize:0]]
[2021.03.22-23.21.37:773][  0]LogConfig: Applying CVar settings from Section [EffectsQuality@3] File [D:/UR Projects/GameEngineFinal/Saved/Config/Windows/Scalability.ini]
[2021.03.22-23.21.37:773][  0]LogConfig: Setting CVar [[r.TranslucencyLightingVolumeDim:64]]
[2021.03.22-23.21.37:773][  0]LogConfig: Setting CVar [[r.RefractionQuality:2]]
[2021.03.22-23.21.37:773][  0]LogConfig: Setting CVar [[r.SSR.Quality:3]]
[2021.03.22-23.21.37:773][  0]LogConfig: Setting CVar [[r.SSR.HalfResSceneColor:0]]
[2021.03.22-23.21.37:773][  0]LogConfig: Setting CVar [[r.SceneColorFormat:4]]
[2021.03.22-23.21.37:773][  0]LogConfig: Setting CVar [[r.DetailMode:2]]
[2021.03.22-23.21.37:773][  0]LogConfig: Setting CVar [[r.TranslucencyVolumeBlur:1]]
[2021.03.22-23.21.37:773][  0]LogConfig: Setting CVar [[r.MaterialQualityLevel:1 ; High quality]]
[2021.03.22-23.21.37:773][  0]LogConfig: Setting CVar [[r.SSS.Scale:1]]
[2021.03.22-23.21.37:773][  0]LogConfig: Setting CVar [[r.SSS.SampleSet:2]]
[2021.03.22-23.21.37:773][  0]LogConfig: Setting CVar [[r.SSS.Quality:1]]
[2021.03.22-23.21.37:773][  0]LogConfig: Setting CVar [[r.SSS.HalfRes:0]]
[2021.03.22-23.21.37:773][  0]LogConfig: Setting CVar [[r.SSGI.Quality:3]]
[2021.03.22-23.21.37:773][  0]LogConfig: Setting CVar [[r.EmitterSpawnRateScale:1.0]]
[2021.03.22-23.21.37:773][  0]LogConfig: Setting CVar [[r.ParticleLightQuality:2]]
[2021.03.22-23.21.37:773][  0]LogConfig: Setting CVar [[r.SkyAtmosphere.AerialPerspectiveLUT.FastApplyOnOpaque:1 ; Always have FastSkyLUT 1 in this case to avoid wrong sky]]
[2021.03.22-23.21.37:773][  0]LogConfig: Setting CVar [[r.SkyAtmosphere.AerialPerspectiveLUT.SampleCountPerSlice:1]]
[2021.03.22-23.21.37:773][  0]LogConfig: Setting CVar [[r.SkyAtmosphere.AerialPerspectiveLUT.DepthResolution:16.0]]
[2021.03.22-23.21.37:773][  0]LogConfig: Setting CVar [[r.SkyAtmosphere.FastSkyLUT:1]]
[2021.03.22-23.21.37:773][  0]LogConfig: Setting CVar [[r.SkyAtmosphere.FastSkyLUT.SampleCountMin:4.0]]
[2021.03.22-23.21.37:773][  0]LogConfig: Setting CVar [[r.SkyAtmosphere.FastSkyLUT.SampleCountMax:32.0]]
[2021.03.22-23.21.37:773][  0]LogConfig: Setting CVar [[r.SkyAtmosphere.SampleCountMin:4.0]]
[2021.03.22-23.21.37:773][  0]LogConfig: Setting CVar [[r.SkyAtmosphere.SampleCountMax:32.0]]
[2021.03.22-23.21.37:773][  0]LogConfig: Setting CVar [[r.SkyAtmosphere.TransmittanceLUT.UseSmallFormat:0]]
[2021.03.22-23.21.37:773][  0]LogConfig: Setting CVar [[r.SkyAtmosphere.TransmittanceLUT.SampleCount:10.0]]
[2021.03.22-23.21.37:773][  0]LogConfig: Setting CVar [[r.SkyAtmosphere.MultiScatteringLUT.SampleCount:15.0]]
[2021.03.22-23.21.37:773][  0]LogConfig: Applying CVar settings from Section [FoliageQuality@3] File [D:/UR Projects/GameEngineFinal/Saved/Config/Windows/Scalability.ini]
[2021.03.22-23.21.37:773][  0]LogConfig: Setting CVar [[foliage.DensityScale:1.0]]
[2021.03.22-23.21.37:773][  0]LogConfig: Setting CVar [[grass.DensityScale:1.0]]
[2021.03.22-23.21.37:773][  0]LogConfig: Applying CVar settings from Section [ShadingQuality@3] File [D:/UR Projects/GameEngineFinal/Saved/Config/Windows/Scalability.ini]
[2021.03.22-23.21.37:773][  0]LogConfig: Setting CVar [[r.HairStrands.SkyLighting.SampleCount:16]]
[2021.03.22-23.21.37:773][  0]LogConfig: Setting CVar [[r.HairStrands.SkyLighting.JitterIntegration:0]]
[2021.03.22-23.21.37:773][  0]LogConfig: Setting CVar [[r.HairStrands.SkyAO.SampleCount:16]]
[2021.03.22-23.21.37:773][  0]LogConfig: Setting CVar [[r.HairStrands.DeepShadow.SuperSampling:0]]
[2021.03.22-23.21.37:773][  0]LogConfig: Setting CVar [[r.HairStrands.VisibilityPPLL:0]]
[2021.03.22-23.21.37:773][  0]LogConfig: Setting CVar [[r.HairStrands.RasterizationScale:0.5]]
[2021.03.22-23.21.37:773][  0]LogConfig: Setting CVar [[r.HairStrands.VelocityRasterizationScale:1]]
[2021.03.22-23.21.37:773][  0]LogInit: Selected Device Profile: [Windows]
[2021.03.22-23.21.37:773][  0]LogInit: Applying CVar settings loaded from the selected device profile: [Windows]
[2021.03.22-23.21.37:773][  0]LogHAL: Display: Platform has ~ 16 GB [17089699840 / 17179869184 / 16], which maps to Larger [LargestMinGB=32, LargerMinGB=12, DefaultMinGB=8, SmallerMinGB=6, SmallestMinGB=0)
[2021.03.22-23.21.37:773][  0]LogInit: Going up to parent DeviceProfile []
[2021.03.22-23.21.37:773][  0]LogConfig: Applying CVar settings from Section [ViewDistanceQuality@3] File [D:/UR Projects/GameEngineFinal/Saved/Config/Windows/Scalability.ini]
[2021.03.22-23.21.37:773][  0]LogConfig: Setting CVar [[r.SkeletalMeshLODBias:0]]
[2021.03.22-23.21.37:773][  0]LogConfig: Setting CVar [[r.ViewDistanceScale:1.0]]
[2021.03.22-23.21.37:773][  0]LogConfig: Applying CVar settings from Section [AntiAliasingQuality@3] File [D:/UR Projects/GameEngineFinal/Saved/Config/Windows/Scalability.ini]
[2021.03.22-23.21.37:773][  0]LogConfig: Setting CVar [[r.PostProcessAAQuality:4]]
[2021.03.22-23.21.37:773][  0]LogConfig: Applying CVar settings from Section [ShadowQuality@3] File [D:/UR Projects/GameEngineFinal/Saved/Config/Windows/Scalability.ini]
[2021.03.22-23.21.37:773][  0]LogConfig: Setting CVar [[r.LightFunctionQuality:1]]
[2021.03.22-23.21.37:773][  0]LogConfig: Setting CVar [[r.ShadowQuality:5]]
[2021.03.22-23.21.37:773][  0]LogConfig: Setting CVar [[r.Shadow.CSM.MaxCascades:10]]
[2021.03.22-23.21.37:773][  0]LogConfig: Setting CVar [[r.Shadow.MaxResolution:2048]]
[2021.03.22-23.21.37:773][  0]LogConfig: Setting CVar [[r.Shadow.MaxCSMResolution:2048]]
[2021.03.22-23.21.37:773][  0]LogConfig: Setting CVar [[r.Shadow.RadiusThreshold:0.01]]
[2021.03.22-23.21.37:773][  0]LogConfig: Setting CVar [[r.Shadow.DistanceScale:1.0]]
[2021.03.22-23.21.37:773][  0]LogConfig: Setting CVar [[r.Shadow.CSM.TransitionScale:1.0]]
[2021.03.22-23.21.37:773][  0]LogConfig: Setting CVar [[r.Shadow.PreShadowResolutionFactor:1.0]]
[2021.03.22-23.21.37:773][  0]LogConfig: Setting CVar [[r.DistanceFieldShadowing:1]]
[2021.03.22-23.21.37:773][  0]LogConfig: Setting CVar [[r.DistanceFieldAO:1]]
[2021.03.22-23.21.37:773][  0]LogConfig: Setting CVar [[r.AOQuality:2]]
[2021.03.22-23.21.37:773][  0]LogConfig: Setting CVar [[r.VolumetricFog:1]]
[2021.03.22-23.21.37:773][  0]LogConfig: Setting CVar [[r.VolumetricFog.GridPixelSize:8]]
[2021.03.22-23.21.37:773][  0]LogConfig: Setting CVar [[r.VolumetricFog.GridSizeZ:128]]
[2021.03.22-23.21.37:773][  0]LogConfig: Setting CVar [[r.VolumetricFog.HistoryMissSupersampleCount:4]]
[2021.03.22-23.21.37:773][  0]LogConfig: Setting CVar [[r.LightMaxDrawDistanceScale:1]]
[2021.03.22-23.21.37:773][  0]LogConfig: Setting CVar [[r.CapsuleShadows:1]]
[2021.03.22-23.21.37:773][  0]LogConfig: Applying CVar settings from Section [PostProcessQuality@3] File [D:/UR Projects/GameEngineFinal/Saved/Config/Windows/Scalability.ini]
[2021.03.22-23.21.37:773][  0]LogConfig: Setting CVar [[r.MotionBlurQuality:4]]
[2021.03.22-23.21.37:773][  0]LogConfig: Setting CVar [[r.AmbientOcclusionMipLevelFactor:0.4]]
[2021.03.22-23.21.37:773][  0]LogConfig: Setting CVar [[r.AmbientOcclusionMaxQuality:100]]
[2021.03.22-23.21.37:773][  0]LogConfig: Setting CVar [[r.AmbientOcclusionLevels:-1]]
[2021.03.22-23.21.37:773][  0]LogConfig: Setting CVar [[r.AmbientOcclusionRadiusScale:1.0]]
[2021.03.22-23.21.37:773][  0]LogConfig: Setting CVar [[r.DepthOfFieldQuality:2]]
[2021.03.22-23.21.37:773][  0]LogConfig: Setting CVar [[r.RenderTargetPoolMin:400]]
[2021.03.22-23.21.37:773][  0]LogConfig: Setting CVar [[r.LensFlareQuality:2]]
[2021.03.22-23.21.37:773][  0]LogConfig: Setting CVar [[r.SceneColorFringeQuality:1]]
[2021.03.22-23.21.37:773][  0]LogConfig: Setting CVar [[r.EyeAdaptationQuality:2]]
[2021.03.22-23.21.37:773][  0]LogConfig: Setting CVar [[r.BloomQuality:5]]
[2021.03.22-23.21.37:773][  0]LogConfig: Setting CVar [[r.FastBlurThreshold:100]]
[2021.03.22-23.21.37:773][  0]LogConfig: Setting CVar [[r.Upscale.Quality:3]]
[2021.03.22-23.21.37:773][  0]LogConfig: Setting CVar [[r.Tonemapper.GrainQuantization:1]]
[2021.03.22-23.21.37:773][  0]LogConfig: Setting CVar [[r.LightShaftQuality:1]]
[2021.03.22-23.21.37:773][  0]LogConfig: Setting CVar [[r.Filter.SizeScale:1]]
[2021.03.22-23.21.37:773][  0]LogConfig: Setting CVar [[r.Tonemapper.Quality:5]]
[2021.03.22-23.21.37:773][  0]LogConfig: Setting CVar [[r.DOF.Gather.AccumulatorQuality:1        ; higher gathering accumulator quality]]
[2021.03.22-23.21.37:773][  0]LogConfig: Setting CVar [[r.DOF.Gather.PostfilterMethod:1          ; Median3x3 postfilering method]]
[2021.03.22-23.21.37:773][  0]LogConfig: Setting CVar [[r.DOF.Gather.EnableBokehSettings:0       ; no bokeh simulation when gathering]]
[2021.03.22-23.21.37:773][  0]LogConfig: Setting CVar [[r.DOF.Gather.RingCount:4                 ; medium number of samples when gathering]]
[2021.03.22-23.21.37:773][  0]LogConfig: Setting CVar [[r.DOF.Scatter.ForegroundCompositing:1    ; additive foreground scattering]]
[2021.03.22-23.21.37:773][  0]LogConfig: Setting CVar [[r.DOF.Scatter.BackgroundCompositing:2    ; additive background scattering]]
[2021.03.22-23.21.37:773][  0]LogConfig: Setting CVar [[r.DOF.Scatter.EnableBokehSettings:1      ; bokeh simulation when scattering]]
[2021.03.22-23.21.37:773][  0]LogConfig: Setting CVar [[r.DOF.Scatter.MaxSpriteRatio:0.1         ; only a maximum of 10% of scattered bokeh]]
[2021.03.22-23.21.37:773][  0]LogConfig: Setting CVar [[r.DOF.Recombine.Quality:1                ; cheap slight out of focus]]
[2021.03.22-23.21.37:773][  0]LogConfig: Setting CVar [[r.DOF.Recombine.EnableBokehSettings:0    ; no bokeh simulation on slight out of focus]]
[2021.03.22-23.21.37:773][  0]LogConfig: Setting CVar [[r.DOF.TemporalAAQuality:1                ; more stable temporal accumulation]]
[2021.03.22-23.21.37:773][  0]LogConfig: Setting CVar [[r.DOF.Kernel.MaxForegroundRadius:0.025]]
[2021.03.22-23.21.37:773][  0]LogConfig: Setting CVar [[r.DOF.Kernel.MaxBackgroundRadius:0.025]]
[2021.03.22-23.21.37:773][  0]LogConfig: Applying CVar settings from Section [TextureQuality@3] File [D:/UR Projects/GameEngineFinal/Saved/Config/Windows/Scalability.ini]
[2021.03.22-23.21.37:774][  0]LogConfig: Setting CVar [[r.Streaming.MipBias:0]]
[2021.03.22-23.21.37:774][  0]LogConfig: Setting CVar [[r.Streaming.AmortizeCPUToGPUCopy:0]]
[2021.03.22-23.21.37:774][  0]LogConfig: Setting CVar [[r.Streaming.MaxNumTexturesToStreamPerFrame:0]]
[2021.03.22-23.21.37:774][  0]LogConfig: Setting CVar [[r.Streaming.Boost:1]]
[2021.03.22-23.21.37:774][  0]LogConfig: Setting CVar [[r.MaxAnisotropy:8]]
[2021.03.22-23.21.37:774][  0]LogConfig: Setting CVar [[r.VT.MaxAnisotropy:8]]
[2021.03.22-23.21.37:774][  0]LogConfig: Setting CVar [[r.Streaming.LimitPoolSizeToVRAM:0]]
[2021.03.22-23.21.37:774][  0]LogConfig: Setting CVar [[r.Streaming.PoolSize:1000]]
[2021.03.22-23.21.37:774][  0]LogConfig: Setting CVar [[r.Streaming.MaxEffectiveScreenSize:0]]
[2021.03.22-23.21.37:774][  0]LogConfig: Applying CVar settings from Section [EffectsQuality@3] File [D:/UR Projects/GameEngineFinal/Saved/Config/Windows/Scalability.ini]
[2021.03.22-23.21.37:774][  0]LogConfig: Setting CVar [[r.TranslucencyLightingVolumeDim:64]]
[2021.03.22-23.21.37:774][  0]LogConfig: Setting CVar [[r.RefractionQuality:2]]
[2021.03.22-23.21.37:774][  0]LogConfig: Setting CVar [[r.SSR.Quality:3]]
[2021.03.22-23.21.37:774][  0]LogConfig: Setting CVar [[r.SSR.HalfResSceneColor:0]]
[2021.03.22-23.21.37:774][  0]LogConfig: Setting CVar [[r.SceneColorFormat:4]]
[2021.03.22-23.21.37:774][  0]LogConfig: Setting CVar [[r.DetailMode:2]]
[2021.03.22-23.21.37:774][  0]LogConfig: Setting CVar [[r.TranslucencyVolumeBlur:1]]
[2021.03.22-23.21.37:774][  0]LogConfig: Setting CVar [[r.MaterialQualityLevel:1 ; High quality]]
[2021.03.22-23.21.37:774][  0]LogConfig: Setting CVar [[r.SSS.Scale:1]]
[2021.03.22-23.21.37:774][  0]LogConfig: Setting CVar [[r.SSS.SampleSet:2]]
[2021.03.22-23.21.37:774][  0]LogConfig: Setting CVar [[r.SSS.Quality:1]]
[2021.03.22-23.21.37:774][  0]LogConfig: Setting CVar [[r.SSS.HalfRes:0]]
[2021.03.22-23.21.37:774][  0]LogConfig: Setting CVar [[r.SSGI.Quality:3]]
[2021.03.22-23.21.37:774][  0]LogConfig: Setting CVar [[r.EmitterSpawnRateScale:1.0]]
[2021.03.22-23.21.37:774][  0]LogConfig: Setting CVar [[r.ParticleLightQuality:2]]
[2021.03.22-23.21.37:774][  0]LogConfig: Setting CVar [[r.SkyAtmosphere.AerialPerspectiveLUT.FastApplyOnOpaque:1 ; Always have FastSkyLUT 1 in this case to avoid wrong sky]]
[2021.03.22-23.21.37:774][  0]LogConfig: Setting CVar [[r.SkyAtmosphere.AerialPerspectiveLUT.SampleCountPerSlice:1]]
[2021.03.22-23.21.37:774][  0]LogConfig: Setting CVar [[r.SkyAtmosphere.AerialPerspectiveLUT.DepthResolution:16.0]]
[2021.03.22-23.21.37:774][  0]LogConfig: Setting CVar [[r.SkyAtmosphere.FastSkyLUT:1]]
[2021.03.22-23.21.37:774][  0]LogConfig: Setting CVar [[r.SkyAtmosphere.FastSkyLUT.SampleCountMin:4.0]]
[2021.03.22-23.21.37:774][  0]LogConfig: Setting CVar [[r.SkyAtmosphere.FastSkyLUT.SampleCountMax:32.0]]
[2021.03.22-23.21.37:774][  0]LogConfig: Setting CVar [[r.SkyAtmosphere.SampleCountMin:4.0]]
[2021.03.22-23.21.37:774][  0]LogConfig: Setting CVar [[r.SkyAtmosphere.SampleCountMax:32.0]]
[2021.03.22-23.21.37:774][  0]LogConfig: Setting CVar [[r.SkyAtmosphere.TransmittanceLUT.UseSmallFormat:0]]
[2021.03.22-23.21.37:774][  0]LogConfig: Setting CVar [[r.SkyAtmosphere.TransmittanceLUT.SampleCount:10.0]]
[2021.03.22-23.21.37:774][  0]LogConfig: Setting CVar [[r.SkyAtmosphere.MultiScatteringLUT.SampleCount:15.0]]
[2021.03.22-23.21.37:774][  0]LogConfig: Applying CVar settings from Section [FoliageQuality@3] File [D:/UR Projects/GameEngineFinal/Saved/Config/Windows/Scalability.ini]
[2021.03.22-23.21.37:774][  0]LogConfig: Setting CVar [[foliage.DensityScale:1.0]]
[2021.03.22-23.21.37:774][  0]LogConfig: Setting CVar [[grass.DensityScale:1.0]]
[2021.03.22-23.21.37:774][  0]LogConfig: Applying CVar settings from Section [ShadingQuality@3] File [D:/UR Projects/GameEngineFinal/Saved/Config/Windows/Scalability.ini]
[2021.03.22-23.21.37:774][  0]LogConfig: Setting CVar [[r.HairStrands.SkyLighting.SampleCount:16]]
[2021.03.22-23.21.37:774][  0]LogConfig: Setting CVar [[r.HairStrands.SkyLighting.JitterIntegration:0]]
[2021.03.22-23.21.37:774][  0]LogConfig: Setting CVar [[r.HairStrands.SkyAO.SampleCount:16]]
[2021.03.22-23.21.37:774][  0]LogConfig: Setting CVar [[r.HairStrands.DeepShadow.SuperSampling:0]]
[2021.03.22-23.21.37:774][  0]LogConfig: Setting CVar [[r.HairStrands.VisibilityPPLL:0]]
[2021.03.22-23.21.37:774][  0]LogConfig: Setting CVar [[r.HairStrands.RasterizationScale:0.5]]
[2021.03.22-23.21.37:774][  0]LogConfig: Setting CVar [[r.HairStrands.VelocityRasterizationScale:1]]
[2021.03.22-23.21.37:774][  0]LogConfig: Applying CVar settings from Section [Startup] File [../../../Engine/Config/ConsoleVariables.ini]
[2021.03.22-23.21.37:774][  0]LogConfig: Setting CVar [[net.UseAdaptiveNetUpdateFrequency:0]]
[2021.03.22-23.21.37:774][  0]LogConfig: Setting CVar [[p.chaos.AllowCreatePhysxBodies:1]]
[2021.03.22-23.21.37:774][  0]LogConfig: Setting CVar [[fx.SkipVectorVMBackendOptimizations:1]]
[2021.03.22-23.21.37:774][  0]LogConfig: Applying CVar settings from Section [ConsoleVariables] File [D:/UR Projects/GameEngineFinal/Saved/Config/Windows/Engine.ini]
[2021.03.22-23.21.37:774][  0]LogInit: Computer: TREVORPC
[2021.03.22-23.21.37:774][  0]LogInit: User: Trevor
[2021.03.22-23.21.37:774][  0]LogInit: CPU Page size=4096, Cores=8
[2021.03.22-23.21.37:774][  0]LogInit: High frequency timer resolution =10.000000 MHz
[2021.03.22-23.21.37:774][  0]LogMemory: Memory total: Physical=15.9GB (16GB approx)
[2021.03.22-23.21.37:774][  0]LogMemory: Platform Memory Stats for Windows
[2021.03.22-23.21.37:774][  0]LogMemory: Process Physical Memory: 116.54 MB used, 116.54 MB peak
[2021.03.22-23.21.37:774][  0]LogMemory: Process Virtual Memory: 97.96 MB used, 97.96 MB peak
[2021.03.22-23.21.37:774][  0]LogMemory: Physical Memory: 6234.61 MB used,  10063.40 MB free, 16298.01 MB total
[2021.03.22-23.21.37:774][  0]LogMemory: Virtual Memory: 5186.66 MB used,  134212544.00 MB free, 134217728.00 MB total
[2021.03.22-23.21.37:776][  0]LogWindows: WindowsPlatformFeatures enabled
[2021.03.22-23.21.37:807][  0]LogInit: Physics initialised using underlying interface: PhysX
[2021.03.22-23.21.37:808][  0]LogInit: Using OS detected language (en-US).
[2021.03.22-23.21.37:808][  0]LogInit: Using OS detected locale (en-CA).
[2021.03.22-23.21.37:809][  0]LogTextLocalizationManager: No specific localization for 'en-US' exists, so the 'en' localization will be used.
[2021.03.22-23.21.37:935][  0]LogInit: Setting process to per monitor DPI aware
[2021.03.22-23.21.37:958][  0]LogSlate: New Slate User Created.  User Index 0, Is Virtual User: 0
[2021.03.22-23.21.37:958][  0]LogSlate: Slate User Registered.  User Index 0, Is Virtual User: 0
[2021.03.22-23.21.38:036][  0]LogHMD: Failed to initialize OpenVR with code 110
[2021.03.22-23.21.38:036][  0]LogD3D11RHI: D3D11 min allowed feature level: 11_0
[2021.03.22-23.21.38:036][  0]LogD3D11RHI: D3D11 max allowed feature level: 11_0
[2021.03.22-23.21.38:036][  0]LogD3D11RHI: D3D11 adapters:
[2021.03.22-23.21.38:121][  0]LogD3D11RHI:    0. 'NVIDIA GeForce RTX 2070 SUPER' (Feature Level 11_0)
[2021.03.22-23.21.38:121][  0]LogD3D11RHI:       8011/0/8149 MB DedicatedVideo/DedicatedSystem/SharedSystem, Outputs:2, VendorId:0x10de
[2021.03.22-23.21.38:123][  0]LogD3D11RHI:    1. 'Microsoft Basic Render Driver' (Feature Level 11_0)
[2021.03.22-23.21.38:123][  0]LogD3D11RHI:       0/0/8149 MB DedicatedVideo/DedicatedSystem/SharedSystem, Outputs:0, VendorId:0x1414
[2021.03.22-23.21.38:123][  0]LogD3D11RHI: Chosen D3D11 Adapter: 0
[2021.03.22-23.21.38:126][  0]LogD3D11RHI: Creating new Direct3DDevice
[2021.03.22-23.21.38:126][  0]LogD3D11RHI:     GPU DeviceId: 0x1e84 (for the marketing name, search the web for "GPU Device Id")
[2021.03.22-23.21.38:126][  0]LogWindows: EnumDisplayDevices:
[2021.03.22-23.21.38:127][  0]LogWindows:    0. 'NVIDIA GeForce RTX 2070 SUPER' (P:1 D:1)
[2021.03.22-23.21.38:127][  0]LogWindows:    1. 'NVIDIA GeForce RTX 2070 SUPER' (P:0 D:1)
[2021.03.22-23.21.38:127][  0]LogWindows:    2. 'NVIDIA GeForce RTX 2070 SUPER' (P:0 D:0)
[2021.03.22-23.21.38:127][  0]LogWindows:    3. 'NVIDIA GeForce RTX 2070 SUPER' (P:0 D:0)
[2021.03.22-23.21.38:127][  0]LogWindows: DebugString: FoundDriverCount:4 
[2021.03.22-23.21.38:127][  0]LogD3D11RHI:     Adapter Name: NVIDIA GeForce RTX 2070 SUPER
[2021.03.22-23.21.38:127][  0]LogD3D11RHI:   Driver Version: 460.79 (internal:27.21.14.6079, unified:460.79)
[2021.03.22-23.21.38:127][  0]LogD3D11RHI:      Driver Date: 12-3-2020
[2021.03.22-23.21.38:127][  0]LogRHI: Texture pool is 5607 MB (70% of 8011 MB)
[2021.03.22-23.21.38:189][  0]LogD3D11RHI: RHI has support for 64 bit atomics
[2021.03.22-23.21.38:189][  0]LogD3D11RHI: Async texture creation enabled
[2021.03.22-23.21.38:189][  0]LogD3D11RHI: Array index from any shader is supported
[2021.03.22-23.21.38:208][  0]LogD3D11RHI: GPU Timing Frequency: 1000.000000 (Debug: 2 1)
[2021.03.22-23.21.38:413][  0]LogTargetPlatformManager: Display: Loaded TargetPlatform 'AllDesktop'
[2021.03.22-23.21.38:426][  0]LogTargetPlatformManager: Display: Loaded TargetPlatform 'Android'
[2021.03.22-23.21.38:426][  0]LogTargetPlatformManager: Display: Loaded TargetPlatform 'Android_ASTC'
[2021.03.22-23.21.38:427][  0]LogTargetPlatformManager: Display: Loaded TargetPlatform 'Android_DXT'
[2021.03.22-23.21.38:427][  0]LogTargetPlatformManager: Display: Loaded TargetPlatform 'Android_ETC2'
[2021.03.22-23.21.38:427][  0]LogTargetPlatformManager: Display: Loaded TargetPlatform 'AndroidClient'
[2021.03.22-23.21.38:427][  0]LogTargetPlatformManager: Display: Loaded TargetPlatform 'Android_ASTCClient'
[2021.03.22-23.21.38:427][  0]LogTargetPlatformManager: Display: Loaded TargetPlatform 'Android_DXTClient'
[2021.03.22-23.21.38:427][  0]LogTargetPlatformManager: Display: Loaded TargetPlatform 'Android_ETC2Client'
[2021.03.22-23.21.38:427][  0]LogTargetPlatformManager: Display: Loaded TargetPlatform 'Android_Multi'
[2021.03.22-23.21.38:427][  0]LogTargetPlatformManager: Display: Loaded TargetPlatform 'Android_MultiClient'
[2021.03.22-23.21.38:442][  0]LogTargetPlatformManager: Display: Loaded TargetPlatform 'IOSClient'
[2021.03.22-23.21.38:442][  0]LogTargetPlatformManager: Display: Loaded TargetPlatform 'IOS'
[2021.03.22-23.21.38:449][  0]LogTargetPlatformManager: Display: Loaded TargetPlatform 'Linux'
[2021.03.22-23.21.38:454][  0]LogTargetPlatformManager: Display: Loaded TargetPlatform 'LinuxNoEditor'
[2021.03.22-23.21.38:460][  0]LogTargetPlatformManager: Display: Loaded TargetPlatform 'LinuxClient'
[2021.03.22-23.21.38:466][  0]LogTargetPlatformManager: Display: Loaded TargetPlatform 'LinuxServer'
[2021.03.22-23.21.38:472][  0]LogTargetPlatformManager: Display: Loaded TargetPlatform 'LinuxAArch64NoEditor'
[2021.03.22-23.21.38:477][  0]LogTargetPlatformManager: Display: Loaded TargetPlatform 'LinuxAArch64Client'
[2021.03.22-23.21.38:482][  0]LogTargetPlatformManager: Display: Loaded TargetPlatform 'LinuxAArch64Server'
[2021.03.22-23.21.38:499][  0]LogTargetPlatformManager: Display: Loaded TargetPlatform 'Lumin'
[2021.03.22-23.21.38:499][  0]LogTargetPlatformManager: Display: Loaded TargetPlatform 'LuminClient'
[2021.03.22-23.21.38:509][  0]LogTargetPlatformManager: Display: Loaded TargetPlatform 'TVOSClient'
[2021.03.22-23.21.38:509][  0]LogTargetPlatformManager: Display: Loaded TargetPlatform 'TVOS'
[2021.03.22-23.21.38:515][  0]LogTargetPlatformManager: Display: Loaded TargetPlatform 'WindowsNoEditor'
[2021.03.22-23.21.38:521][  0]LogTargetPlatformManager: Display: Loaded TargetPlatform 'Windows'
[2021.03.22-23.21.38:527][  0]LogTargetPlatformManager: Display: Loaded TargetPlatform 'WindowsClient'
[2021.03.22-23.21.38:533][  0]LogTargetPlatformManager: Display: Loaded TargetPlatform 'WindowsServer'
[2021.03.22-23.21.38:533][  0]LogTargetPlatformManager: Display: Building Assets For Windows
[2021.03.22-23.21.38:538][  0]LogAudioDebug: Display: Lib vorbis DLL was dynamically loaded.
[2021.03.22-23.21.38:572][  0]LogShaderCompilers: Guid format shader working directory is 4 characters bigger than the processId version (../../../../../UR Projects/GameEngineFinal/Intermediate/Shaders/WorkingDirectory/15364/).
[2021.03.22-23.21.38:572][  0]LogShaderCompilers: Cleaned the shader compiler working directory 'C:/Users/Trevor/AppData/Local/Temp/UnrealShaderWorkingDir/2A3741D64C94D98B0FF4D58E77851809/'.
[2021.03.22-23.21.38:572][  0]LogXGEController: Cannot use XGE Controller as Incredibuild is not installed on this machine.
[2021.03.22-23.21.38:572][  0]LogShaderCompilers: Cannot use XGE Shader Compiler as Incredibuild is not installed on this machine.
[2021.03.22-23.21.38:572][  0]LogShaderCompilers: Display: Using Local Shader Compiler.
[2021.03.22-23.21.39:108][  0]LogDerivedDataCache: Display: Max Cache Size: 512 MB
[2021.03.22-23.21.39:146][  0]LogDerivedDataCache: Loaded boot cache 0.04s 76MB C:/Users/Trevor/AppData/Local/UnrealEngine/4.25/DerivedDataCache/Boot.ddc.
[2021.03.22-23.21.39:146][  0]LogDerivedDataCache: Display: Loaded Boot cache: C:/Users/Trevor/AppData/Local/UnrealEngine/4.25/DerivedDataCache/Boot.ddc
[2021.03.22-23.21.39:146][  0]LogDerivedDataCache: FDerivedDataBackendGraph:  Pak pak cache file ../../../../../UR Projects/GameEngineFinal/DerivedDataCache/DDC.ddp not found, will not use a pak cache.
[2021.03.22-23.21.39:146][  0]LogDerivedDataCache: Unable to find inner node Pak for hierarchical cache Hierarchy.
[2021.03.22-23.21.39:146][  0]LogDerivedDataCache: FDerivedDataBackendGraph:  CompressedPak pak cache file ../../../../../UR Projects/GameEngineFinal/DerivedDataCache/Compressed.ddp not found, will not use a pak cache.
[2021.03.22-23.21.39:146][  0]LogDerivedDataCache: Unable to find inner node CompressedPak for hierarchical cache Hierarchy.
[2021.03.22-23.21.39:154][  0]LogDerivedDataCache: Display: Pak cache opened for reading ../../../Engine/DerivedDataCache/Compressed.ddp.
[2021.03.22-23.21.39:154][  0]LogDerivedDataCache: FDerivedDataBackendGraph:  EnterprisePak pak cache file ../../../Enterprise/DerivedDataCache/Compressed.ddp not found, will not use a pak cache.
[2021.03.22-23.21.39:154][  0]LogDerivedDataCache: Unable to find inner node EnterprisePak for hierarchical cache Hierarchy.
[2021.03.22-23.21.39:155][  0]LogDerivedDataCache: Using Local data cache path C:/Users/Trevor/AppData/Local/UnrealEngine/Common/DerivedDataCache: Writable
[2021.03.22-23.21.39:155][  0]LogDerivedDataCache: Shared data cache path not found in *engine.ini, will not use an Shared cache.
[2021.03.22-23.21.39:155][  0]LogDerivedDataCache: Unable to find inner node Shared for hierarchical cache Hierarchy.
[2021.03.22-23.21.39:191][  0]LogSlate: Using FreeType 2.10.0
[2021.03.22-23.21.39:191][  0]LogSlate: SlateFontServices - WITH_FREETYPE: 1, WITH_HARFBUZZ: 1
[2021.03.22-23.21.39:207][  0]LogAssetRegistry: FAssetRegistry took 0.0017 seconds to start up
[2021.03.22-23.21.39:370][  0]LogInit: Selected Device Profile: [Windows]
[2021.03.22-23.21.39:448][  0]LogMeshReduction: Using QuadricMeshReduction for automatic static mesh reduction
[2021.03.22-23.21.39:448][  0]LogMeshReduction: Using SimplygonMeshReduction for automatic skeletal mesh reduction
[2021.03.22-23.21.39:448][  0]LogMeshReduction: Using ProxyLODMeshReduction for automatic mesh merging
[2021.03.22-23.21.39:448][  0]LogMeshReduction: No distributed automatic mesh merging module available
[2021.03.22-23.21.39:448][  0]LogMeshMerging: No distributed automatic mesh merging module available
[2021.03.22-23.21.39:459][  0]LogNetVersion: GameEngineFinal 1.0.0, NetCL: 13144385, EngineNetVer: 14, GameNetVer: 0 (Checksum: 2584169615)
[2021.03.22-23.21.39:718][  0]LogAISub: UAISubsystem::UAISubsystem AISubsystem (000002A925479BC0), frame # 0
[2021.03.22-23.21.39:718][  0]LogAISub: UAISubsystem::UAISubsystem AIPerceptionSystem (000002A9253C6AC0), frame # 0
[2021.03.22-23.21.39:719][  0]LogAISub: UAISubsystem::UAISubsystem EnvQueryManager (000002A925434800), frame # 0
[2021.03.22-23.21.39:750][  0]LogPackageLocalizationCache: Processed 19 localized package path(s) for 1 prioritized culture(s) in 0.026621 seconds
[2021.03.22-23.21.39:754][  0]LogUObjectArray: 15917 objects as part of root set at end of initial load.
[2021.03.22-23.21.39:754][  0]LogUObjectAllocator: 3965568 out of 0 bytes used by permanent object pool.
[2021.03.22-23.21.39:754][  0]LogUObjectArray: CloseDisregardForGC: 0/0 objects in disregard for GC pool
[2021.03.22-23.21.39:960][  0]LogTcpMessaging: Initializing TcpMessaging bridge
[2021.03.22-23.21.39:962][  0]LogUdpMessaging: Initializing bridge on interface 0.0.0.0:0 to multicast group 230.0.0.1:6666.
[2021.03.22-23.21.40:013][  0]SourceControl: Source control is disabled
[2021.03.22-23.21.40:013][  0]SourceControl: Source control is disabled
[2021.03.22-23.21.40:015][  0]SourceControl: Source control is disabled
[2021.03.22-23.21.40:017][  0]SourceControl: Source control is disabled
[2021.03.22-23.21.40:021][  0]SourceControl: Source control is disabled
[2021.03.22-23.21.40:167][  0]LogAndroidPermission: UAndroidPermissionCallbackProxy::GetInstance
[2021.03.22-23.21.40:180][  0]LogAudioCaptureCore: Display: No Audio Capture implementations found. Audio input will be silent.
[2021.03.22-23.21.40:180][  0]LogAudioCaptureCore: Display: No Audio Capture implementations found. Audio input will be silent.
[2021.03.22-23.21.40:211][  0]LogOcInput: OculusInput pre-init called
[2021.03.22-23.21.40:217][  0]LogWindows: Failed to load 'OVRPlugin.dll' (GetLastError=126)
[2021.03.22-23.21.40:218][  0]LogWindows: File 'OVRPlugin.dll' does not exist
[2021.03.22-23.21.40:258][  0]LogEngine: Initializing Engine...
[2021.03.22-23.21.40:258][  0]LogHMD: Failed to initialize OpenVR with code 110
[2021.03.22-23.21.40:258][  0]LogMagicLeap: Warning: VR disabled because ZI is not enabled.  To enable, in the editor, Edit -> Project Settings -> Plugins -> Magic Leap Plugin -> Enable Zero Iteration
[2021.03.22-23.21.40:259][  0]LogStats: UGameplayTagsManager::InitializeManager -  0.000 s
[2021.03.22-23.21.40:336][  0]LogInit: Initializing FReadOnlyCVARCache
[2021.03.22-23.21.40:341][  0]LogAIModule: Creating AISystem for world Untitled
[2021.03.22-23.21.40:341][  0]LogAISub: UAISubsystem::UAISubsystem EnvQueryManager (000002A92BA71C00), frame # 0
[2021.03.22-23.21.40:341][  0]LogAISub: UAISubsystem::UAISubsystem AIPerceptionSystem (000002A92BA8B100), frame # 0
[2021.03.22-23.21.40:355][  0]LogAudioMixer: Display: Audio Mixer Platform Settings:
[2021.03.22-23.21.40:355][  0]LogAudioMixer: Display: 	Sample Rate:						  48000
[2021.03.22-23.21.40:355][  0]LogAudioMixer: Display: 	Callback Buffer Frame Size Requested: 1024
[2021.03.22-23.21.40:355][  0]LogAudioMixer: Display: 	Callback Buffer Frame Size To Use:	  1024
[2021.03.22-23.21.40:355][  0]LogAudioMixer: Display: 	Number of buffers to queue:			  2
[2021.03.22-23.21.40:355][  0]LogAudioMixer: Display: 	Max Channels (voices):				  32
[2021.03.22-23.21.40:355][  0]LogAudioMixer: Display: 	Number of Async Source Workers:		  0
[2021.03.22-23.21.40:355][  0]LogAudio: Display: AudioDevice MaxSources: 32
[2021.03.22-23.21.40:355][  0]LogAudio: Display: Using built-in audio occlusion.
[2021.03.22-23.21.40:355][  0]LogAudioMixer: Display: Initializing audio mixer.
[2021.03.22-23.21.40:362][  0]LogAudioMixer: Display: 0: FrontLeft
[2021.03.22-23.21.40:362][  0]LogAudioMixer: Display: 1: FrontRight
[2021.03.22-23.21.40:384][  0]LogAudioMixer: Display: Using Audio Device Headset Earphone (HyperX Virtual Surround Sound)
[2021.03.22-23.21.40:387][  0]LogAudioMixer: Display: Initializing Sound Submixes...
[2021.03.22-23.21.40:388][  0]LogAudioMixer: Display: Creating Master Submix 'MasterSubmixDefault'
[2021.03.22-23.21.40:388][  0]LogAudioMixer: Display: Creating Master Submix 'MasterReverbSubmixDefault'
[2021.03.22-23.21.40:388][  0]LogAudioMixer: Display: Creating Master Submix 'MasterEQSubmixDefault'
[2021.03.22-23.21.40:389][  0]LogInit: FAudioDevice initialized.
[2021.03.22-23.21.40:389][  0]LogNetVersion: Set ProjectVersion to 1.0.0.0. Version Checksum will be recalculated on next use.
[2021.03.22-23.21.40:673][  0]LogDerivedDataCache: Saved boot cache 0.28s 76MB C:/Users/Trevor/AppData/Local/UnrealEngine/4.25/DerivedDataCache/Boot.ddc.
[2021.03.22-23.21.40:677][  0]LogInit: Texture streaming: Enabled
[2021.03.22-23.21.40:687][  0]LogEngineSessionManager: EngineSessionManager initialized
[2021.03.22-23.21.40:687][  0]LogEditorSessionSummary: Verbose: Initializing EditorSessionSummaryWriter for editor session tracking
[2021.03.22-23.21.40:688][  0]LogEditorSessionSummary: EditorSessionSummaryWriter initialized
[2021.03.22-23.21.40:729][  0]LogInit: Transaction tracking system initialized
[2021.03.22-23.21.40:741][  0]BlueprintLog: New page: Editor Load
[2021.03.22-23.21.40:781][  0]LocalizationService: Localization service is disabled
[2021.03.22-23.21.40:869][  0]LogCook: Display: Max memory allowance for cook 16384mb min free memory 0mb
[2021.03.22-23.21.40:869][  0]LogCook: Display: Mobile HDR setting 1
[2021.03.22-23.21.40:950][  0]LogFileCache: Scanning file cache for directory 'D:/UR Projects/GameEngineFinal/Content/' took 0.00s
[2021.03.22-23.21.41:069][  0]SourceControl: Source control is disabled
[2021.03.22-23.21.41:069][  0]LogUnrealEdMisc: Loading editor; pre map load, took 4.040
[2021.03.22-23.21.41:069][  0]Cmd: MAP LOAD FILE="../../../../../UR Projects/GameEngineFinal/Content/FirstPersonBP/Maps/FirstPersonExampleMap.umap" TEMPLATE=0 SHOWPROGRESS=1 FEATURELEVEL=3
[2021.03.22-23.21.41:069][  0]LightingResults: New page: Lighting Build
[2021.03.22-23.21.41:070][  0]LogWorld: UWorld::CleanupWorld for Untitled, bSessionEnded=true, bCleanupResources=true
[2021.03.22-23.21.41:070][  0]LogSlate: InvalidateAllWidgets triggered.  All widgets were invalidated
[2021.03.22-23.21.41:070][  0]MapCheck: New page: Map Check
[2021.03.22-23.21.41:070][  0]LightingResults: New page: Lighting Build
[2021.03.22-23.21.41:083][  0]LogAISub: UAISubsystem::~UAISubsystem EnvQueryManager (000002A92BA71C00), frame # 0
[2021.03.22-23.21.41:083][  0]LogAISub: UAISubsystem::~UAISubsystem AIPerceptionSystem (000002A92BA8B100), frame # 0
[2021.03.22-23.21.41:084][  0]LogUObjectHash: Compacting FUObjectHashTables data took   0.54ms
[2021.03.22-23.21.41:402][  0]LogAIModule: Creating AISystem for world FirstPersonExampleMap
[2021.03.22-23.21.41:402][  0]LogAISub: UAISubsystem::UAISubsystem EnvQueryManager (000002A937A53E00), frame # 0
[2021.03.22-23.21.41:402][  0]LogAISub: UAISubsystem::UAISubsystem AIPerceptionSystem (000002A937A4FB00), frame # 0
[2021.03.22-23.21.41:417][  0]LogEditorServer: Finished looking for orphan Actors (0.000 secs)
[2021.03.22-23.21.41:430][  0]LogUObjectHash: Compacting FUObjectHashTables data took   1.03ms
[2021.03.22-23.21.41:430][  0]Cmd: MAP CHECKDEP NOCLEARLOG
[2021.03.22-23.21.41:430][  0]MapCheck: Map check complete: 0 Error(s), 0 Warning(s), took 0.105ms to complete.
[2021.03.22-23.21.41:430][  0]LogFileHelpers: Loading map 'FirstPersonExampleMap' took 0.361
[2021.03.22-23.21.41:432][  0]LogUnrealEdMisc: Total Editor Startup Time, took 4.403
[2021.03.22-23.21.41:528][  0]LogSlate: Updating window title bar state: overlay mode, drag disabled, window buttons hidden, title bar hidden
[2021.03.22-23.21.41:533][  0]LogSlate: Updating window title bar state: overlay mode, drag disabled, window buttons hidden, title bar hidden
[2021.03.22-23.21.41:538][  0]LogSlate: Updating window title bar state: overlay mode, drag disabled, window buttons hidden, title bar hidden
[2021.03.22-23.21.41:543][  0]LogSlate: Updating window title bar state: overlay mode, drag disabled, window buttons hidden, title bar hidden
[2021.03.22-23.21.41:547][  0]LogCollectionManager: Loaded 0 collections in 0.000458 seconds
[2021.03.22-23.21.41:559][  0]LogFileCache: Scanning file cache for directory 'D:/UR Projects/GameEngineFinal/Saved/Collections/' took 0.00s
[2021.03.22-23.21.41:559][  0]LogFileCache: Scanning file cache for directory 'D:/UR Projects/GameEngineFinal/Content/Developers/Trevor/Collections/' took 0.00s
[2021.03.22-23.21.41:559][  0]LogFileCache: Scanning file cache for directory 'D:/UR Projects/GameEngineFinal/Content/Collections/' took 0.00s
[2021.03.22-23.21.41:559][  0]LogContentBrowser: Native class hierarchy populated in 0.0089 seconds. Added 3427 classes and 821 folders.
[2021.03.22-23.21.41:561][  0]LogContentBrowser: Native class hierarchy updated for 'WidgetCarousel' in 0.0002 seconds. Added 0 classes and 0 folders.
[2021.03.22-23.21.41:589][  0]LogContentBrowser: Native class hierarchy updated for 'AddContentDialog' in 0.0002 seconds. Added 0 classes and 0 folders.
[2021.03.22-23.21.41:590][  0]LogContentBrowser: Native class hierarchy updated for 'SceneOutliner' in 0.0002 seconds. Added 2 classes and 0 folders.
[2021.03.22-23.21.41:937][  0]LogSlate: Took 0.000091 seconds to synchronously load lazily loaded font '../../../Engine/Content/Slate/Fonts/Roboto-Regular.ttf' (155K)
[2021.03.22-23.21.41:938][  0]LogSlate: Took 0.000098 seconds to synchronously load lazily loaded font '../../../Engine/Content/Slate/Fonts/Roboto-Bold.ttf' (160K)
[2021.03.22-23.21.41:943][  0]LogSlate: Took 0.000139 seconds to synchronously load lazily loaded font '../../../Engine/Content/Editor/Slate/Fonts/FontAwesome.ttf' (139K)
[2021.03.22-23.21.42:001][  0]LogRenderer: Reallocating scene render targets to support 1216x572 Format 10 NumSamples 1 (Frame:1).
[2021.03.22-23.21.42:690][  0]LogContentBrowser: Native class hierarchy updated for 'HierarchicalLODOutliner' in 0.0002 seconds. Added 0 classes and 0 folders.
[2021.03.22-23.21.42:690][  0]LogLoad: (Engine Initialization) Total time: 5.66 seconds
[2021.03.22-23.21.42:690][  0]LogLoad: (Engine Initialization) Total Blueprint compile time: 0.00 seconds
[2021.03.22-23.21.42:754][  0]LogAssetRegistry: Asset discovery search completed in 3.5471 seconds
[2021.03.22-23.21.42:757][  0]LogCollectionManager: Fixed up redirectors for 0 collections in 0.000003 seconds (updated 0 objects)
[2021.03.22-23.21.42:760][  0]LogContentStreaming: Texture pool size now 1000 MB
[2021.03.22-23.21.42:773][  0]LogSlate: Took 0.000110 seconds to synchronously load lazily loaded font '../../../Engine/Content/Slate/Fonts/Roboto-Light.ttf' (167K)
[2021.03.22-23.21.44:168][  6]LogSlate: Took 0.000123 seconds to synchronously load lazily loaded font '../../../Engine/Content/Slate/Fonts/Roboto-Light.ttf' (167K)
[2021.03.22-23.24.11:945][833]LogAssetEditorSubsystem: Opening Asset editor for Blueprint /Game/Blueprints/Boat.Boat
[2021.03.22-23.24.12:071][833]LogContentBrowser: Native class hierarchy updated for 'BlueprintGraph' in 0.0004 seconds. Added 125 classes and 0 folders.
[2021.03.22-23.24.12:685][833]LogAssetEditorSubsystem: Opening Asset editor for Blueprint /Game/FirstPersonBP/Blueprints/FirstPersonCharacter.FirstPersonCharacter
[2021.03.22-23.24.12:936][833]LogSlate: Took 0.000105 seconds to synchronously load lazily loaded font '../../../Engine/Content/Slate/Fonts/Roboto-BoldCondensed.ttf' (158K)
[2021.03.22-23.24.12:990][834]LogSlate: Took 0.000110 seconds to synchronously load lazily loaded font '../../../Engine/Content/Slate/Fonts/Roboto-Italic.ttf' (157K)
[2021.03.22-23.24.15:157][ 73]LogSlate: Window 'Boat' being destroyed
[2021.03.22-23.24.17:334][328]LogEditorViewport: Clicking on Actor (LMB): StaticMeshActor (SM_BS_Stage_Wall_66)
[2021.03.22-23.24.18:466][442]Cmd: EDIT COPY
[2021.03.22-23.24.19:025][489]Cmd: EDIT PASTE
[2021.03.22-23.25.13:716][709]LogEditorViewport: Clicking on Actor (LMB): StaticMeshActor (SM_BS_Stage_Column_22)
[2021.03.22-23.25.14:136][750]Cmd: EDIT COPY
[2021.03.22-23.25.14:881][839]LogEditorViewport: Clicking on Actor (LMB): StaticMeshActor (SM_BS_Stage_Wall_67)
[2021.03.22-23.25.15:261][881]Cmd: EDIT COPY
[2021.03.22-23.25.15:890][956]Cmd: EDIT PASTE
[2021.03.22-23.25.19:283][334]Cmd: EDIT COPY
[2021.03.22-23.25.19:803][387]Cmd: EDIT PASTE
[2021.03.22-23.25.23:594][814]LogEditorViewport: Clicking on Actor (LMB): StaticMeshActor (SM_BS_Stage_Column_22)
[2021.03.22-23.25.24:255][873]Cmd: EDIT COPY
[2021.03.22-23.25.24:721][928]Cmd: EDIT PASTE
[2021.03.22-23.25.29:582][499]LogEditorViewport: Clicking on Actor (LMB): StaticMeshActor (SM_BS_Stage_Wall_69)
[2021.03.22-23.25.32:164][796]Cmd: EDIT COPY
[2021.03.22-23.25.32:574][839]Cmd: EDIT PASTE
[2021.03.22-23.25.42:202][944]Cmd: EDIT COPY
[2021.03.22-23.25.42:578][978]Cmd: EDIT PASTE
[2021.03.22-23.25.46:180][394]Cmd: EDIT COPY
[2021.03.22-23.25.46:581][428]Cmd: EDIT PASTE
[2021.03.22-23.25.51:316][963]LogEditorViewport: Clicking on Actor (LMB): StaticMeshActor (SM_BS_Stage_Column_23)
[2021.03.22-23.25.51:894][ 27]Cmd: EDIT COPY
[2021.03.22-23.25.52:234][ 67]Cmd: EDIT PASTE
[2021.03.22-23.26.02:340][131]LogUObjectHash: Compacting FUObjectHashTables data took   1.50ms
[2021.03.22-23.26.02:642][131]LogSavePackage: Moving '../../../../../UR Projects/GameEngineFinal/Saved/FirstPersonExampleMap3E15D4D6452C5FC7FEDA9986DDDC91A9.tmp' to '../../../../../UR Projects/GameEngineFinal/Content/FirstPersonBP/Maps/FirstPersonExampleMap.umap'
[2021.03.22-23.26.04:770][131]LogSavePackage: Moving '../../../../../UR Projects/GameEngineFinal/Saved/FirstPersonExampleMap_BuiltData75BB680F4F9A584B6FBC77A864C1E384.tmp' to '../../../../../UR Projects/GameEngineFinal/Content/FirstPersonBP/Maps/FirstPersonExampleMap_BuiltData.uasset'
[2021.03.22-23.26.04:792][131]AssetCheck: New page: Asset Save: multiple assets
[2021.03.22-23.26.04:792][131]LogContentValidation: Display: Validating World /Game/FirstPersonBP/Maps/FirstPersonExampleMap.FirstPersonExampleMap
[2021.03.22-23.26.04:792][131]LogContentValidation: Display: Validating MapBuildDataRegistry /Game/FirstPersonBP/Maps/FirstPersonExampleMap_BuiltData.FirstPersonExampleMap_BuiltData
[2021.03.22-23.26.10:518][624]LogEditorViewport: Clicking on Actor (LMB): StaticMeshActor (SM_BS_Stage_Wall_72)
[2021.03.22-23.26.11:031][676]Cmd: EDIT COPY
[2021.03.22-23.26.11:408][720]Cmd: EDIT PASTE
[2021.03.22-23.26.18:718][569]Cmd: EDIT COPY
[2021.03.22-23.26.19:097][610]Cmd: EDIT PASTE
[2021.03.22-23.26.23:225][ 89]Cmd: EDIT COPY
[2021.03.22-23.26.23:595][124]Cmd: EDIT PASTE
[2021.03.22-23.26.31:571][ 14]LogEditorViewport: Clicking on Actor (LMB): StaticMeshActor (SM_BS_Stage_Column_24)
[2021.03.22-23.26.32:787][125]Cmd: EDIT COPY
[2021.03.22-23.26.33:245][156]Cmd: EDIT PASTE
[2021.03.22-23.26.34:691][302]Cmd: TRANSACTION UNDO
[2021.03.22-23.26.34:691][302]LogEditorTransaction: Undo Move Actors
[2021.03.22-23.26.36:595][465]Cmd: TRANSACTION UNDO
[2021.03.22-23.26.36:595][465]LogEditorTransaction: Undo Paste
[2021.03.22-23.26.39:072][716]LogEditorViewport: Clicking on Actor (LMB): StaticMeshActor (SM_BS_Stage_Column_4)
[2021.03.22-23.26.39:523][758]Cmd: EDIT COPY
[2021.03.22-23.26.40:213][830]Cmd: EDIT PASTE
[2021.03.22-23.26.51:356][959]LogEditorViewport: Clicking on Actor (LMB): StaticMeshActor (SM_BS_Stage_Column_24)
[2021.03.22-23.26.52:941][ 96]LogEditorViewport: Clicking on Actor (LMB): StaticMeshActor (SM_BS_Stage_Column_25)
[2021.03.22-23.27.02:830][976]LogEditorViewport: Clicking on Actor (LMB): StaticMeshActor (SM_BS_Stage_Wall_75)
[2021.03.22-23.27.03:223][ 10]Cmd: EDIT COPY
[2021.03.22-23.27.03:563][ 49]Cmd: EDIT PASTE
[2021.03.22-23.27.22:737][322]LogEditorViewport: Clicking on Actor (LMB): BP_Sky_Sphere_C (SkySphereBlueprint)
[2021.03.22-23.27.32:958][315]LogUObjectHash: Compacting FUObjectHashTables data took   1.10ms
[2021.03.22-23.27.33:001][315]LogSavePackage: Moving '../../../../../UR Projects/GameEngineFinal/Saved/FirstPersonExampleMap324B170E4CA2B8BCEF14D5995BD9814C.tmp' to '../../../../../UR Projects/GameEngineFinal/Content/FirstPersonBP/Maps/FirstPersonExampleMap.umap'
[2021.03.22-23.27.33:425][315]LogSavePackage: Moving '../../../../../UR Projects/GameEngineFinal/Saved/FirstPersonExampleMap_BuiltDataF9C33D884D6991852470CBB9846A288E.tmp' to '../../../../../UR Projects/GameEngineFinal/Content/FirstPersonBP/Maps/FirstPersonExampleMap_BuiltData.uasset'
[2021.03.22-23.27.33:437][315]AssetCheck: New page: Asset Save: multiple assets
[2021.03.22-23.27.33:437][315]LogContentValidation: Display: Validating World /Game/FirstPersonBP/Maps/FirstPersonExampleMap.FirstPersonExampleMap
[2021.03.22-23.27.33:437][315]LogContentValidation: Display: Validating MapBuildDataRegistry /Game/FirstPersonBP/Maps/FirstPersonExampleMap_BuiltData.FirstPersonExampleMap_BuiltData
[2021.03.22-23.27.37:389][708]LogEditorViewport: Clicking on Actor (LMB): Boat_C (Boat)
[2021.03.22-23.27.38:405][816]Cmd: DELETE
[2021.03.22-23.27.38:405][816]Cmd: ACTOR DELETE
[2021.03.22-23.27.38:488][816]LogEditorActor: Deleted Actor: Boat_C
[2021.03.22-23.27.38:524][816]LogUObjectHash: Compacting FUObjectHashTables data took   0.76ms
[2021.03.22-23.27.38:526][816]LogEditorActor: Deleted 1 Actors (0.121 secs)
[2021.03.22-23.28.20:845][654]LogEditorViewport: Clicking on Actor (LMB): SphereReflectionCapture (SphereReflectionCapture)
[2021.03.22-23.29.00:944][117]LogEditorViewport: Clicking on Actor (LMB): SphereReflectionCapture (SphereReflectionCapture5)
[2021.03.22-23.29.05:042][538]LogEditorViewport: Clicking on Actor (LMB): SphereReflectionCapture (SphereReflectionCapture6)
[2021.03.22-23.29.14:319][587]LogEditorViewport: Clicking on Actor (LMB): SphereReflectionCapture (SphereReflectionCapture4)
[2021.03.22-23.29.36:359][115]LogEditorViewport: Clicking on Actor (LMB): StaticMeshActor (SM_BS_Rack_02)
[2021.03.22-23.29.44:584][ 26]LogEditorViewport: Clicking on Actor (LMB): StaticMeshActor (SM_BS_Stage_Wall_51)
[2021.03.22-23.29.46:492][212]Cmd: EDIT COPY
[2021.03.22-23.29.46:935][264]Cmd: EDIT PASTE
[2021.03.22-23.30.03:709][ 95]LogEditorViewport: Clicking on Actor (LMB): PointLight (PointLight15)
[2021.03.22-23.30.39:978][260]LogEditorViewport: Clicking on Actor (LMB): SphereReflectionCapture (SphereReflectionCapture4)
[2021.03.22-23.30.56:092][102]LogD3D11RHI: Display: Temp texture streaming buffer not large enough, needed 16777216 bytes
[2021.03.22-23.31.02:804][830]LogEditorViewport: Clicking on Actor (LMB): StaticMeshActor (SM_BS_Stage_Wall_77)
[2021.03.22-23.31.15:894][ 97]LogEditorViewport: Clicking on Actor (LMB): StaticMeshActor (SM_BS_Stage_Wall_46)
[2021.03.22-23.31.18:028][328]LogEditorViewport: Clicking on Actor (LMB): StaticMeshActor (SM_BS_Stage_Wall_77)
[2021.03.22-23.31.24:950][ 69]LogEditorViewport: Clicking on Actor (LMB): StaticMeshActor (SM_BS_Stage_Wall_46)
[2021.03.22-23.31.27:276][309]LogEditorViewport: Clicking on Actor (LMB): StaticMeshActor (SM_BS_Stage_Wall_77)
[2021.03.22-23.31.28:085][391]Cmd: EDIT COPY
[2021.03.22-23.31.28:478][423]Cmd: EDIT PASTE
[2021.03.22-23.31.32:047][839]Cmd: EDIT COPY
[2021.03.22-23.31.32:382][878]Cmd: EDIT PASTE
[2021.03.22-23.31.37:518][469]LogEditorViewport: Clicking on Actor (LMB): StaticMeshActor (SM_BS_Stage_Wall_77)
[2021.03.22-23.31.38:231][542]Cmd: EDIT COPY
[2021.03.22-23.31.38:577][583]Cmd: EDIT PASTE
[2021.03.22-23.31.46:918][541]Cmd: EDIT COPY
[2021.03.22-23.31.47:273][570]Cmd: EDIT PASTE
[2021.03.22-23.31.50:189][904]Cmd: EDIT COPY
[2021.03.22-23.31.50:565][948]Cmd: EDIT PASTE
[2021.03.22-23.32.24:467][771]LogEditorViewport: Clicking on Actor (LMB): StaticMeshActor (SM_BS_Desk_Mid_01)
[2021.03.22-23.32.26:405][973]LogEditorViewport: Clicking on Actor (LMB): StaticMeshActor (SM_BS_Desk_Mid_01)
[2021.03.22-23.32.28:554][207]LogEditorViewport: Clicking on Actor (LMB): StaticMeshActor (SM_BS_Desk_Mid_01)
[2021.03.22-23.32.40:857][357]LogEditorViewport: Clicking on Actor (LMB): StaticMeshActor (SM_BS_Stage_Wall_82)
[2021.03.22-23.32.41:446][420]Cmd: EDIT COPY
[2021.03.22-23.32.43:693][689]Cmd: EDIT PASTE
[2021.03.22-23.33.09:604][748]LogEditorViewport: Clicking on Actor (LMB): StaticMeshActor (SM_BS_Stage_Wall_79)
[2021.03.22-23.33.13:284][138]LogEditorViewport: Clicking on Actor (LMB): StaticMeshActor (SM_BS_Stage_Wall_78)
[2021.03.22-23.33.20:793][981]LogEditorViewport: Clicking on Actor (LMB): StaticMeshActor (SM_BS_Stage_Wall_79)
[2021.03.22-23.33.22:703][187]LogEditorViewport: Clicking on Actor (LMB): StaticMeshActor (SM_BS_Stage_Wall_78)
[2021.03.22-23.33.25:902][559]LogEditorViewport: Clicking on Actor (LMB): StaticMeshActor (SM_BS_Stage_Wall_83)
[2021.03.22-23.33.26:859][664]Cmd: EDIT COPY
[2021.03.22-23.33.27:214][692]Cmd: EDIT PASTE
[2021.03.22-23.33.30:121][ 20]Cmd: EDIT COPY
[2021.03.22-23.33.30:494][ 64]Cmd: EDIT PASTE
[2021.03.22-23.33.49:468][175]Cmd: EDIT COPY
[2021.03.22-23.33.49:873][210]Cmd: EDIT PASTE
[2021.03.22-23.33.55:941][911]Cmd: EDIT COPY
[2021.03.22-23.33.56:337][958]Cmd: EDIT PASTE
[2021.03.22-23.33.59:224][300]Cmd: EDIT COPY
[2021.03.22-23.33.59:712][358]Cmd: EDIT PASTE
[2021.03.22-23.34.13:396][116]Cmd: EDIT COPY
[2021.03.22-23.34.13:890][159]Cmd: EDIT PASTE
[2021.03.22-23.34.24:670][177]Cmd: EDIT COPY
[2021.03.22-23.34.25:150][221]Cmd: EDIT PASTE
[2021.03.22-23.34.28:996][669]Cmd: EDIT COPY
[2021.03.22-23.34.29:362][700]Cmd: EDIT PASTE
[2021.03.22-23.34.32:897][100]Cmd: EDIT COPY
[2021.03.22-23.34.33:400][143]Cmd: EDIT PASTE
[2021.03.22-23.34.38:678][763]Cmd: EDIT COPY
[2021.03.22-23.34.39:100][802]Cmd: EDIT PASTE
[2021.03.22-23.34.43:751][343]Cmd: EDIT COPY
[2021.03.22-23.34.44:138][389]Cmd: EDIT PASTE
[2021.03.22-23.34.49:409][ 12]LogEditorViewport: Clicking on Actor (LMB): StaticMeshActor (SM_BS_Panel_31)
[2021.03.22-23.34.51:153][216]Cmd: EDIT COPY
[2021.03.22-23.34.51:552][263]Cmd: EDIT PASTE
[2021.03.22-23.35.13:290][771]LogEditorViewport: Clicking on Actor (LMB): StaticMeshActor (SM_BS_Stage_Wall_94)
[2021.03.22-23.35.16:141][ 78]LogEditorViewport: Clicking on Actor (LMB): StaticMeshActor (SM_BS_Panel_33)
[2021.03.22-23.35.20:745][556]LogEditorViewport: Clicking on Actor (LMB): StaticMeshActor (SM_BS_Stage_Wall_48)
[2021.03.22-23.35.21:374][604]LogEditorViewport: Clicking on Actor (LMB): StaticMeshActor (SM_BS_Panel_25)
[2021.03.22-23.35.23:939][885]LogEditorViewport: Clicking on Actor (LMB): StaticMeshActor (SM_BS_Panel_33)
[2021.03.22-23.35.37:388][287]LogEditorViewport: Clicking on Actor (LMB): StaticMeshActor (SM_BS_Stage_Wall_9)
[2021.03.22-23.35.39:096][451]LogEditorViewport: Clicking on Actor (LMB): StaticMeshActor (SM_BS_Panel_28)
[2021.03.22-23.35.45:034][100]LogEditorViewport: Clicking on Actor (LMB): StaticMeshActor (SM_BS_Panel_33)
[2021.03.22-23.35.45:816][185]Cmd: EDIT COPY
[2021.03.22-23.35.46:250][236]Cmd: EDIT PASTE
[2021.03.22-23.36.09:312][911]LogEditorViewport: Clicking on Actor (LMB): StaticMeshActor (SM_BS_Panel_33)
[2021.03.22-23.36.09:923][974]LogEditorViewport: Clicking on Actor (LMB): StaticMeshActor (SM_BS_Panel_32)
[2021.03.22-23.36.30:784][116]LogEditorViewport: Clicking on Actor (LMB): StaticMeshActor (SM_BS_Panel_01)
[2021.03.22-23.36.31:373][169]LogEditorViewport: Clicking on Actor (LMB): StaticMeshActor (SM_BS_Panel_3)
[2021.03.22-23.36.32:181][262]LogEditorViewport: Clicking on Actor (LMB): StaticMeshActor (SM_BS_Panel_01)
[2021.03.22-23.36.34:506][513]LogTemp: Repeating last play command: Selected Viewport
[2021.03.22-23.36.34:542][513]LogPlayLevel: PlayLevel: No blueprints needed recompiling
[2021.03.22-23.36.34:566][513]PIE: New page: PIE session: FirstPersonExampleMap (Mar. 22, 2021, 3:36:34 p.m.)
[2021.03.22-23.36.34:580][513]LogOnline: OSS: Creating online subsystem instance for: NULL
[2021.03.22-23.36.34:650][513]LogOnline: OSS: TryLoadSubsystemAndSetDefault: Loaded subsystem for module [NULL]
[2021.03.22-23.36.34:651][513]LogPlayLevel: Creating play world package: /Game/FirstPersonBP/Maps/UEDPIE_0_FirstPersonExampleMap
[2021.03.22-23.36.34:667][513]LogPlayLevel: PIE: StaticDuplicateObject took: (0.016748s)
[2021.03.22-23.36.34:668][513]LogAIModule: Creating AISystem for world FirstPersonExampleMap
[2021.03.22-23.36.34:668][513]LogAISub: UAISubsystem::UAISubsystem EnvQueryManager (000002A9F8FB5E00), frame # 81513
[2021.03.22-23.36.34:668][513]LogAISub: UAISubsystem::UAISubsystem AIPerceptionSystem (000002A95793B600), frame # 81513
[2021.03.22-23.36.34:669][513]LogPlayLevel: PIE: World Init took: (0.001295s)
[2021.03.22-23.36.34:669][513]LogPlayLevel: PIE: Created PIE world by copying editor world from /Game/FirstPersonBP/Maps/FirstPersonExampleMap.FirstPersonExampleMap to /Game/FirstPersonBP/Maps/UEDPIE_0_FirstPersonExampleMap.FirstPersonExampleMap (0.018235s)
[2021.03.22-23.36.34:710][513]LogUObjectHash: Compacting FUObjectHashTables data took   2.77ms
[2021.03.22-23.36.34:714][513]LogAudioMixer: Display: Audio Mixer Platform Settings:
[2021.03.22-23.36.34:714][513]LogAudioMixer: Display: 	Sample Rate:						  48000
[2021.03.22-23.36.34:714][513]LogAudioMixer: Display: 	Callback Buffer Frame Size Requested: 1024
[2021.03.22-23.36.34:714][513]LogAudioMixer: Display: 	Callback Buffer Frame Size To Use:	  1024
[2021.03.22-23.36.34:714][513]LogAudioMixer: Display: 	Number of buffers to queue:			  2
[2021.03.22-23.36.34:714][513]LogAudioMixer: Display: 	Max Channels (voices):				  32
[2021.03.22-23.36.34:714][513]LogAudioMixer: Display: 	Number of Async Source Workers:		  0
[2021.03.22-23.36.34:714][513]LogAudio: Display: AudioDevice MaxSources: 32
[2021.03.22-23.36.34:714][513]LogAudio: Display: Using built-in audio occlusion.
[2021.03.22-23.36.34:715][513]LogAudioMixer: Display: Initializing audio mixer.
[2021.03.22-23.36.34:717][513]LogAudioMixer: Display: 0: FrontLeft
[2021.03.22-23.36.34:717][513]LogAudioMixer: Display: 1: FrontRight
[2021.03.22-23.36.34:728][513]LogAudioMixer: Display: Using Audio Device Headset Earphone (HyperX Virtual Surround Sound)
[2021.03.22-23.36.34:728][513]LogAudioMixer: Display: Initializing Sound Submixes...
[2021.03.22-23.36.34:728][513]LogAudioMixer: Display: Creating Master Submix 'MasterSubmixDefault'
[2021.03.22-23.36.34:728][513]LogAudioMixer: Display: Creating Master Submix 'MasterReverbSubmixDefault'
[2021.03.22-23.36.34:728][513]LogAudioMixer: Display: Creating Master Submix 'MasterEQSubmixDefault'
[2021.03.22-23.36.34:737][513]LogInit: FAudioDevice initialized.
[2021.03.22-23.36.34:741][513]LogLoad: Game class is 'FirstPersonGameMode_C'
[2021.03.22-23.36.34:758][513]LogWorld: Bringing World /Game/FirstPersonBP/Maps/UEDPIE_0_FirstPersonExampleMap.FirstPersonExampleMap up for play (max tick rate 0) at 2021.03.22-19.36.34
[2021.03.22-23.36.34:759][513]LogWorld: Bringing up level for play took: 0.004647
[2021.03.22-23.36.34:759][513]LogOnline: OSS: Creating online subsystem instance for: :Context_6
[2021.03.22-23.36.34:833][513]LogContentBrowser: Native class hierarchy updated for 'MovieSceneCapture' in 0.0003 seconds. Added 20 classes and 0 folders.
[2021.03.22-23.36.34:916][513]PIE: Server logged in
[2021.03.22-23.36.34:931][513]PIE: Play in editor total start time 0.39 seconds.
[2021.03.22-23.36.35:478][544]LogScript: Warning: Script Msg: Attempted to access index 0 from array 'CallFunc_GetAllActorsOfClass_OutActors' of length 0 in '/Game/FirstPersonBP/Blueprints/FirstPersonCharacter.FirstPersonCharacter_C:ExecuteUbergraph_FirstPersonCharacter'!
[2021.03.22-23.36.35:478][544]LogScript: Warning: Accessed None trying to read property CallFunc_Array_Get_Item
	FirstPersonCharacter_C /Game/FirstPersonBP/Maps/UEDPIE_0_FirstPersonExampleMap.FirstPersonExampleMap:PersistentLevel.FirstPersonCharacter_C_1
	Function /Game/FirstPersonBP/Blueprints/FirstPersonCharacter.FirstPersonCharacter_C:ExecuteUbergraph_FirstPersonCharacter:01BB
[2021.03.22-23.36.35:478][544]PIE: Error: Blueprint Runtime Error: "Accessed None trying to read property CallFunc_Array_Get_Item". Blueprint:  FirstPersonCharacter Function:  Execute Ubergraph First Person Character Graph:  EventGraph Node:  Branch
[2021.03.22-23.36.38:985][965]LogBlueprintUserMessages: [Water_2] Hello
[2021.03.22-23.36.42:411][376]LogBlueprintUserMessages: [Water_2] Hello
[2021.03.22-23.36.47:120][941]LogBlueprintUserMessages: [Water_2] Hello
[2021.03.22-23.36.48:020][ 49]LogBlueprintUserMessages: [Water_2] Hello
[2021.03.22-23.36.50:044][292]LogBlueprintUserMessages: [Water_2] Hello
[2021.03.22-23.36.53:253][677]LogBlueprintUserMessages: [Water_2] Hello
[2021.03.22-23.36.57:295][162]LogBlueprintUserMessages: [Water_2] Hello
[2021.03.22-23.37.01:278][640]LogBlueprintUserMessages: [Water_2] Hello
[2021.03.22-23.37.04:403][ 15]LogBlueprintUserMessages: [Water_2] Hello
[2021.03.22-23.37.09:666][642]LogSlate: Updating window title bar state: overlay mode, drag disabled, window buttons hidden, title bar hidden
[2021.03.22-23.37.09:666][642]LogWorld: BeginTearingDown for /Game/FirstPersonBP/Maps/UEDPIE_0_FirstPersonExampleMap
[2021.03.22-23.37.09:666][642]LogWorld: UWorld::CleanupWorld for FirstPersonExampleMap, bSessionEnded=true, bCleanupResources=true
[2021.03.22-23.37.09:667][642]LogSlate: InvalidateAllWidgets triggered.  All widgets were invalidated
[2021.03.22-23.37.09:677][642]LogPlayLevel: Display: Shutting down PIE online subsystems
[2021.03.22-23.37.09:681][642]LogSlate: InvalidateAllWidgets triggered.  All widgets were invalidated
[2021.03.22-23.37.09:721][642]LogSlate: Updating window title bar state: overlay mode, drag disabled, window buttons hidden, title bar hidden
[2021.03.22-23.37.09:742][642]LogAISub: UAISubsystem::~UAISubsystem EnvQueryManager (000002A9F8FB5E00), frame # 85642
[2021.03.22-23.37.09:742][642]LogAISub: UAISubsystem::~UAISubsystem AIPerceptionSystem (000002A95793B600), frame # 85642
[2021.03.22-23.37.09:755][642]LogUObjectHash: Compacting FUObjectHashTables data took   3.17ms
[2021.03.22-23.37.09:928][642]LogSlate: Took 0.088210 seconds to synchronously load lazily loaded font '../../../Engine/Content/Slate/Fonts/DroidSansMono.ttf' (77K)
[2021.03.22-23.37.09:932][643]LogPlayLevel: Display: Destroying online subsystem :Context_6
[2021.03.22-23.37.11:688][843]LogSlate: Window 'Message Log' being destroyed
[2021.03.22-23.37.11:691][843]LogSlate: Window 'Message Log' being destroyed
[2021.03.22-23.37.13:813][ 66]LogEditorViewport: Clicking on Actor (LMB): StaticMeshActor (SM_BS_Stage_Wall_05)
[2021.03.22-23.37.16:420][338]LogEditorViewport: Clicking on Actor (LMB): StaticMeshActor (SM_BS_Rack_02)
[2021.03.22-23.37.39:458][916]LogEditorViewport: Clicking on Actor (LMB): StaticMeshActor (SM_ExecutiveDesk2)
[2021.03.22-23.37.44:474][429]LogEditorViewport: Clicking on Actor (LMB): StaticMeshActor (SM_BS_Stage_Wall_67)
[2021.03.22-23.37.45:732][572]Cmd: EDIT COPY
[2021.03.22-23.37.46:107][610]Cmd: EDIT PASTE
[2021.03.22-23.37.59:322][166]LogEditorViewport: Clicking on Actor (LMB): StaticMeshActor (SM_BS_Stage_Wall_94)
[2021.03.22-23.38.03:265][609]LogEditorViewport: Clicking on Actor (LMB): StaticMeshActor (SM_BS_Stage_Wall_95)
[2021.03.22-23.38.14:717][934]Cmd: EDIT COPY
[2021.03.22-23.38.15:109][974]Cmd: EDIT PASTE
[2021.03.22-23.38.19:270][468]Cmd: EDIT COPY
[2021.03.22-23.38.19:616][509]Cmd: EDIT PASTE
[2021.03.22-23.38.25:112][151]Cmd: EDIT COPY
[2021.03.22-23.38.25:499][182]Cmd: EDIT PASTE
[2021.03.22-23.38.31:093][835]Cmd: EDIT COPY
[2021.03.22-23.38.31:430][862]Cmd: EDIT PASTE
[2021.03.22-23.38.34:707][241]Cmd: EDIT COPY
[2021.03.22-23.38.35:163][295]Cmd: EDIT PASTE
[2021.03.22-23.38.39:706][831]Cmd: EDIT COPY
[2021.03.22-23.38.40:090][868]Cmd: EDIT PASTE
[2021.03.22-23.38.47:712][745]LogEditorViewport: Clicking on Actor (LMB): StaticMeshActor (SM_BS_Stage_Wall_75)
[2021.03.22-23.38.48:321][807]LogEditorViewport: Clicking on Actor (LMB): StaticMeshActor (SM_BS_Stage_Wall_76)
[2021.03.22-23.38.49:000][885]LogEditorViewport: Clicking on Actor (LMB): StaticMeshActor (SM_BS_Stage_Wall_75)
[2021.03.22-23.38.49:355][924]LogEditorViewport: Clicking on Actor (LMB): StaticMeshActor (SM_BS_Stage_Wall_74)
[2021.03.22-23.38.49:760][969]LogEditorViewport: Clicking on Actor (LMB): StaticMeshActor (SM_BS_Stage_Wall_101)
[2021.03.22-23.38.50:257][ 25]Cmd: EDIT COPY
[2021.03.22-23.38.50:607][ 66]Cmd: EDIT PASTE
[2021.03.22-23.38.53:262][380]Cmd: EDIT COPY
[2021.03.22-23.38.53:729][435]Cmd: EDIT PASTE
[2021.03.22-23.38.57:028][826]LogEditorViewport: Clicking on Actor (LMB): StaticMeshActor (SM_BS_Stage_Wall_76)
[2021.03.22-23.38.58:310][968]Cmd: EDIT COPY
[2021.03.22-23.38.58:790][ 10]Cmd: EDIT PASTE
[2021.03.22-23.39.11:326][331]LogD3D11RHI: Timed out while waiting for GPU to catch up. (0.5 s) (ErrorCode 00000001)
[2021.03.22-23.39.11:828][331]LogD3D11RHI: Timed out while waiting for GPU to catch up. (0.5 s) (ErrorCode 00000001)
[2021.03.22-23.39.12:329][331]LogD3D11RHI: Timed out while waiting for GPU to catch up. (0.5 s) (ErrorCode 00000001)
[2021.03.22-23.39.12:827][331]LogD3D11RHI: Timed out while waiting for GPU to catch up. (0.5 s) (ErrorCode 00000001)
[2021.03.22-23.39.13:328][331]LogD3D11RHI: Timed out while waiting for GPU to catch up. (0.5 s) (ErrorCode 00000001)
[2021.03.22-23.39.13:829][331]LogD3D11RHI: Timed out while waiting for GPU to catch up. (0.5 s) (ErrorCode 00000001)
[2021.03.22-23.39.14:328][331]LogD3D11RHI: Timed out while waiting for GPU to catch up. (0.5 s) (ErrorCode 00000001)
[2021.03.22-23.39.14:829][331]LogD3D11RHI: Timed out while waiting for GPU to catch up. (0.5 s) (ErrorCode 00000001)
[2021.03.22-23.39.15:329][331]LogD3D11RHI: Timed out while waiting for GPU to catch up. (0.5 s) (ErrorCode 00000001)
[2021.03.22-23.39.15:828][331]LogD3D11RHI: Timed out while waiting for GPU to catch up. (0.5 s) (ErrorCode 00000001)
[2021.03.22-23.39.16:328][331]LogD3D11RHI: Timed out while waiting for GPU to catch up. (0.5 s) (ErrorCode 00000001)
[2021.03.22-23.39.16:829][331]LogD3D11RHI: Timed out while waiting for GPU to catch up. (0.5 s) (ErrorCode 00000001)
[2021.03.22-23.39.17:327][331]LogD3D11RHI: Timed out while waiting for GPU to catch up. (0.5 s) (ErrorCode 00000001)
[2021.03.22-23.39.17:828][331]LogD3D11RHI: Timed out while waiting for GPU to catch up. (0.5 s) (ErrorCode 00000001)
[2021.03.22-23.39.18:327][331]LogD3D11RHI: Timed out while waiting for GPU to catch up. (0.5 s) (ErrorCode 00000001)
[2021.03.22-23.39.18:829][331]LogD3D11RHI: Timed out while waiting for GPU to catch up. (0.5 s) (ErrorCode 00000001)
[2021.03.22-23.39.19:329][331]LogD3D11RHI: Timed out while waiting for GPU to catch up. (0.5 s) (ErrorCode 00000001)
[2021.03.22-23.39.19:827][331]LogD3D11RHI: Timed out while waiting for GPU to catch up. (0.5 s) (ErrorCode 00000001)
[2021.03.22-23.39.20:328][331]LogD3D11RHI: Timed out while waiting for GPU to catch up. (0.5 s) (ErrorCode 00000001)
[2021.03.22-23.39.20:828][331]LogD3D11RHI: Timed out while waiting for GPU to catch up. (0.5 s) (ErrorCode 00000001)
[2021.03.22-23.39.21:329][331]LogD3D11RHI: Timed out while waiting for GPU to catch up. (0.5 s) (ErrorCode 00000001)
[2021.03.22-23.39.21:828][331]LogD3D11RHI: Timed out while waiting for GPU to catch up. (0.5 s) (ErrorCode 00000001)
[2021.03.22-23.39.22:328][331]LogD3D11RHI: Timed out while waiting for GPU to catch up. (0.5 s) (ErrorCode 00000001)
[2021.03.22-23.39.22:828][331]LogD3D11RHI: Timed out while waiting for GPU to catch up. (0.5 s) (ErrorCode 00000001)
[2021.03.22-23.39.23:328][331]LogD3D11RHI: Timed out while waiting for GPU to catch up. (0.5 s) (ErrorCode 00000001)
[2021.03.22-23.39.23:828][331]LogD3D11RHI: Timed out while waiting for GPU to catch up. (0.5 s) (ErrorCode 00000001)
[2021.03.22-23.39.24:328][331]LogD3D11RHI: Timed out while waiting for GPU to catch up. (0.5 s) (ErrorCode 00000001)
[2021.03.22-23.39.24:828][331]LogD3D11RHI: Timed out while waiting for GPU to catch up. (0.5 s) (ErrorCode 00000001)
[2021.03.22-23.39.25:328][331]LogD3D11RHI: Timed out while waiting for GPU to catch up. (0.5 s) (ErrorCode 00000001)
[2021.03.22-23.39.25:829][331]LogD3D11RHI: Timed out while waiting for GPU to catch up. (0.5 s) (ErrorCode 00000001)
[2021.03.22-23.39.26:329][331]LogD3D11RHI: Timed out while waiting for GPU to catch up. (0.5 s) (ErrorCode 00000001)
[2021.03.22-23.39.26:829][331]LogD3D11RHI: Timed out while waiting for GPU to catch up. (0.5 s) (ErrorCode 00000001)
[2021.03.22-23.39.27:329][331]LogD3D11RHI: Timed out while waiting for GPU to catch up. (0.5 s) (ErrorCode 00000001)
[2021.03.22-23.39.27:829][331]LogD3D11RHI: Timed out while waiting for GPU to catch up. (0.5 s) (ErrorCode 00000001)
[2021.03.22-23.39.28:328][331]LogD3D11RHI: Timed out while waiting for GPU to catch up. (0.5 s) (ErrorCode 00000001)
[2021.03.22-23.39.28:828][331]LogD3D11RHI: Timed out while waiting for GPU to catch up. (0.5 s) (ErrorCode 00000001)
[2021.03.22-23.39.29:329][331]LogD3D11RHI: Timed out while waiting for GPU to catch up. (0.5 s) (ErrorCode 00000001)
[2021.03.22-23.39.29:830][331]LogD3D11RHI: Timed out while waiting for GPU to catch up. (0.5 s) (ErrorCode 00000001)
[2021.03.22-23.39.30:329][331]LogD3D11RHI: Timed out while waiting for GPU to catch up. (0.5 s) (ErrorCode 00000001)
[2021.03.22-23.39.30:830][331]LogD3D11RHI: Timed out while waiting for GPU to catch up. (0.5 s) (ErrorCode 00000001)
[2021.03.22-23.39.31:329][331]LogD3D11RHI: Timed out while waiting for GPU to catch up. (0.5 s) (ErrorCode 00000001)
[2021.03.22-23.39.31:829][331]LogD3D11RHI: Timed out while waiting for GPU to catch up. (0.5 s) (ErrorCode 00000001)
[2021.03.22-23.39.32:330][331]LogD3D11RHI: Timed out while waiting for GPU to catch up. (0.5 s) (ErrorCode 00000001)
[2021.03.22-23.39.32:828][331]LogD3D11RHI: Timed out while waiting for GPU to catch up. (0.5 s) (ErrorCode 00000001)
[2021.03.22-23.39.33:328][331]LogD3D11RHI: Timed out while waiting for GPU to catch up. (0.5 s) (ErrorCode 00000001)
[2021.03.22-23.39.33:830][331]LogD3D11RHI: Timed out while waiting for GPU to catch up. (0.5 s) (ErrorCode 00000001)
[2021.03.22-23.39.34:329][331]LogD3D11RHI: Timed out while waiting for GPU to catch up. (0.5 s) (ErrorCode 00000001)
